<?xml version='1.0' encoding='UTF-8'?>
<hotspot_log version='160 1' process='44988' time_ms='1490669906520'>
<vm_version>
<name>
Java HotSpot(TM) 64-Bit Server VM
</name>
<release>
25.45-b02
</release>
<info>
Java HotSpot(TM) 64-Bit Server VM (25.45-b02) for bsd-amd64 JRE (1.8.0_45-b14), built on Apr 10 2015 10:46:38 by &quot;java_re&quot; with gcc 4.2.1 (Based on Apple Inc. build 5658) (LLVM build 2336.11.00)
</info>
</vm_version>
<vm_arguments>
<args>
-XX:+UnlockDiagnosticVMOptions -XX:+TraceClassLoading -XX:+LogCompilation -XX:+PrintAssembly -XX:CompileCommand=dontinline,*TestVolatile.main -XX:CompileCommand=compileonly,*TestVolatile.main -Didea.launcher.port=7535 -Didea.launcher.bin.path=/Applications/IntelliJ IDEA.app/Contents/bin -Dfile.encoding=UTF-8 
</args>
<command>
com.intellij.rt.execution.application.AppMain com.concurrent.volatiles.TestVolatile
</command>
<launcher>
SUN_STANDARD
</launcher>
<properties>
java.vm.specification.name=Java Virtual Machine Specification
java.vm.version=25.45-b02
java.vm.name=Java HotSpot(TM) 64-Bit Server VM
java.vm.info=mixed mode, sharing
java.ext.dirs=/Users/liuzhengyang/Library/Java/Extensions:/Library/Java/JavaVirtualMachines/jdk1.8.0_45.jdk/Contents/Home/jre/lib/ext:/Library/Java/Extensions:/Network/Library/Java/Extensions:/System/Library/Java/Extensions:/usr/lib/java
java.endorsed.dirs=/Library/Java/JavaVirtualMachines/jdk1.8.0_45.jdk/Contents/Home/jre/lib/endorsed
sun.boot.library.path=/Library/Java/JavaVirtualMachines/jdk1.8.0_45.jdk/Contents/Home/jre/lib
java.library.path=/Users/liuzhengyang/Library/Java/Extensions:/Library/Java/Extensions:/Network/Library/Java/Extensions:/System/Library/Java/Extensions:/usr/lib/java:.
java.home=/Library/Java/JavaVirtualMachines/jdk1.8.0_45.jdk/Contents/Home/jre
java.class.path=/Library/Java/JavaVirtualMachines/jdk1.8.0_45.jdk/Contents/Home/lib/ant-javafx.jar:/Library/Java/JavaVirtualMachines/jdk1.8.0_45.jdk/Contents/Home/lib/dt.jar:/Library/Java/JavaVirtualMachines/jdk1.8.0_45.jdk/Contents/Home/lib/javafx-mx.jar:/Library/Java/JavaVirtualMachines/jdk1.8.0_45.jdk/Contents/Home/lib/jconsole.jar:/Library/Java/JavaVirtualMachines/jdk1.8.0_45.jdk/Contents/Home/lib/packager.jar:/Library/Java/JavaVirtualMachines/jdk1.8.0_45.jdk/Contents/Home/lib/sa-jdi.jar:/Library/Java/JavaVirtualMachines/jdk1.8.0_45.jdk/Contents/Home/lib/tools.jar:/Library/Java/JavaVirtualMachines/jdk1.8.0_45.jdk/Contents/Home/jre/lib/charsets.jar:/Library/Java/JavaVirtualMachines/jdk1.8.0_45.jdk/Contents/Home/jre/lib/deploy.jar:/Library/Java/JavaVirtualMachines/jdk1.8.0_45.jdk/Contents/Home/jre/lib/javaws.jar:/Library/Java/JavaVirtualMachines/jdk1.8.0_45.jdk/Contents/Home/jre/lib/jce.jar:/Library/Java/JavaVirtualMachines/jdk1.8.0_45.jdk/Contents/Home/jre/lib/jfr.jar:/Library/Java/JavaVirtualMachines/jdk1.8.0_45.jdk/Contents/Home/jre/lib/jfxswt.jar:/Library/Java/JavaVirtualMachines/jdk1.8.0_45.jdk/Contents/Home/jre/lib/jsse.jar:/Library/Java/JavaVirtualMachines/jdk1.8.0_45.jdk/Contents/Home/jre/lib/management-agent.jar:/Library/Java/JavaVirtualMachines/jdk1.8.0_45.jdk/Contents/Home/jre/lib/plugin.jar:/Library/Java/JavaVirtualMachines/jdk1.8.0_45.jdk/Contents/Home/jre/lib/resources.jar:/Library/Java/JavaVirtualMachines/jdk1.8.0_45.jdk/Contents/Home/jre/lib/rt.jar:/Library/Java/JavaVirtualMachines/jdk1.8.0_45.jdk/Contents/Home/jre/lib/ext/cldrdata.jar:/Library/Java/JavaVirtualMachines/jdk1.8.0_45.jdk/Contents/Home/jre/lib/ext/dnsns.jar:/Library/Java/JavaVirtualMachines/jdk1.8.0_45.jdk/Contents/Home/jre/lib/ext/jfxrt.jar:/Library/Java/JavaVirtualMachines/jdk1.8.0_45.jdk/Contents/Home/jre/lib/ext/localedata.jar:/Library/Java/JavaVirtualMachines/jdk1.8.0_45.jdk/Contents/Home/jre/lib/ext/nashorn.jar:/Library/Java/JavaVirtualMachines/jdk1.8.0_45.jdk/Contents/Home/jre
sun.boot.class.path=/Library/Java/JavaVirtualMachines/jdk1.8.0_45.jdk/Contents/Home/jre/lib/resources.jar:/Library/Java/JavaVirtualMachines/jdk1.8.0_45.jdk/Contents/Home/jre/lib/rt.jar:/Library/Java/JavaVirtualMachines/jdk1.8.0_45.jdk/Contents/Home/jre/lib/sunrsasign.jar:/Library/Java/JavaVirtualMachines/jdk1.8.0_45.jdk/Contents/Home/jre/lib/jsse.jar:/Library/Java/JavaVirtualMachines/jdk1.8.0_45.jdk/Contents/Home/jre/lib/jce.jar:/Library/Java/JavaVirtualMachines/jdk1.8.0_45.jdk/Contents/Home/jre/lib/charsets.jar:/Library/Java/JavaVirtualMachines/jdk1.8.0_45.jdk/Contents/Home/jre/lib/jfr.jar:/Library/Java/JavaVirtualMachines/jdk1.8.0_45.jdk/Contents/Home/jre/classes
java.vm.specification.vendor=Oracle Corporation
java.vm.specification.version=1.8
java.vm.vendor=Oracle Corporation
idea.launcher.port=7535
idea.launcher.bin.path=/Applications/IntelliJ IDEA.app/Contents/bin
file.encoding=UTF-8
sun.java.command=com.intellij.rt.execution.application.AppMain com.concurrent.volatiles.TestVolatile
sun.java.launcher=SUN_STANDARD
</properties>
</vm_arguments>
<tty>
<writer thread='7171'/>
[Opened /Library/Java/JavaVirtualMachines/jdk1.8.0_45.jdk/Contents/Home/jre/lib/rt.jar]
[Loaded java.lang.Object from /Library/Java/JavaVirtualMachines/jdk1.8.0_45.jdk/Contents/Home/jre/lib/rt.jar]
[Loaded java.io.Serializable from /Library/Java/JavaVirtualMachines/jdk1.8.0_45.jdk/Contents/Home/jre/lib/rt.jar]
[Loaded java.lang.Comparable from /Library/Java/JavaVirtualMachines/jdk1.8.0_45.jdk/Contents/Home/jre/lib/rt.jar]
[Loaded java.lang.CharSequence from /Library/Java/JavaVirtualMachines/jdk1.8.0_45.jdk/Contents/Home/jre/lib/rt.jar]
[Loaded java.lang.String from /Library/Java/JavaVirtualMachines/jdk1.8.0_45.jdk/Contents/Home/jre/lib/rt.jar]
[Loaded java.lang.reflect.AnnotatedElement from /Library/Java/JavaVirtualMachines/jdk1.8.0_45.jdk/Contents/Home/jre/lib/rt.jar]
[Loaded java.lang.reflect.GenericDeclaration from /Library/Java/JavaVirtualMachines/jdk1.8.0_45.jdk/Contents/Home/jre/lib/rt.jar]
[Loaded java.lang.reflect.Type from /Library/Java/JavaVirtualMachines/jdk1.8.0_45.jdk/Contents/Home/jre/lib/rt.jar]
[Loaded java.lang.Class from /Library/Java/JavaVirtualMachines/jdk1.8.0_45.jdk/Contents/Home/jre/lib/rt.jar]
[Loaded java.lang.Cloneable from /Library/Java/JavaVirtualMachines/jdk1.8.0_45.jdk/Contents/Home/jre/lib/rt.jar]
[Loaded java.lang.ClassLoader from /Library/Java/JavaVirtualMachines/jdk1.8.0_45.jdk/Contents/Home/jre/lib/rt.jar]
[Loaded java.lang.System from /Library/Java/JavaVirtualMachines/jdk1.8.0_45.jdk/Contents/Home/jre/lib/rt.jar]
[Loaded java.lang.Throwable from /Library/Java/JavaVirtualMachines/jdk1.8.0_45.jdk/Contents/Home/jre/lib/rt.jar]
[Loaded java.lang.Error from /Library/Java/JavaVirtualMachines/jdk1.8.0_45.jdk/Contents/Home/jre/lib/rt.jar]
[Loaded java.lang.ThreadDeath from /Library/Java/JavaVirtualMachines/jdk1.8.0_45.jdk/Contents/Home/jre/lib/rt.jar]
[Loaded java.lang.Exception from /Library/Java/JavaVirtualMachines/jdk1.8.0_45.jdk/Contents/Home/jre/lib/rt.jar]
[Loaded java.lang.RuntimeException from /Library/Java/JavaVirtualMachines/jdk1.8.0_45.jdk/Contents/Home/jre/lib/rt.jar]
[Loaded java.lang.SecurityManager from /Library/Java/JavaVirtualMachines/jdk1.8.0_45.jdk/Contents/Home/jre/lib/rt.jar]
[Loaded java.security.ProtectionDomain from /Library/Java/JavaVirtualMachines/jdk1.8.0_45.jdk/Contents/Home/jre/lib/rt.jar]
[Loaded java.security.AccessControlContext from /Library/Java/JavaVirtualMachines/jdk1.8.0_45.jdk/Contents/Home/jre/lib/rt.jar]
[Loaded java.security.SecureClassLoader from /Library/Java/JavaVirtualMachines/jdk1.8.0_45.jdk/Contents/Home/jre/lib/rt.jar]
[Loaded java.lang.ReflectiveOperationException from /Library/Java/JavaVirtualMachines/jdk1.8.0_45.jdk/Contents/Home/jre/lib/rt.jar]
[Loaded java.lang.ClassNotFoundException from /Library/Java/JavaVirtualMachines/jdk1.8.0_45.jdk/Contents/Home/jre/lib/rt.jar]
[Loaded java.lang.LinkageError from /Library/Java/JavaVirtualMachines/jdk1.8.0_45.jdk/Contents/Home/jre/lib/rt.jar]
[Loaded java.lang.NoClassDefFoundError from /Library/Java/JavaVirtualMachines/jdk1.8.0_45.jdk/Contents/Home/jre/lib/rt.jar]
[Loaded java.lang.ClassCastException from /Library/Java/JavaVirtualMachines/jdk1.8.0_45.jdk/Contents/Home/jre/lib/rt.jar]
[Loaded java.lang.ArrayStoreException from /Library/Java/JavaVirtualMachines/jdk1.8.0_45.jdk/Contents/Home/jre/lib/rt.jar]
[Loaded java.lang.VirtualMachineError from /Library/Java/JavaVirtualMachines/jdk1.8.0_45.jdk/Contents/Home/jre/lib/rt.jar]
[Loaded java.lang.OutOfMemoryError from /Library/Java/JavaVirtualMachines/jdk1.8.0_45.jdk/Contents/Home/jre/lib/rt.jar]
[Loaded java.lang.StackOverflowError from /Library/Java/JavaVirtualMachines/jdk1.8.0_45.jdk/Contents/Home/jre/lib/rt.jar]
[Loaded java.lang.IllegalMonitorStateException from /Library/Java/JavaVirtualMachines/jdk1.8.0_45.jdk/Contents/Home/jre/lib/rt.jar]
[Loaded java.lang.ref.Reference from /Library/Java/JavaVirtualMachines/jdk1.8.0_45.jdk/Contents/Home/jre/lib/rt.jar]
[Loaded java.lang.ref.SoftReference from /Library/Java/JavaVirtualMachines/jdk1.8.0_45.jdk/Contents/Home/jre/lib/rt.jar]
[Loaded java.lang.ref.WeakReference from /Library/Java/JavaVirtualMachines/jdk1.8.0_45.jdk/Contents/Home/jre/lib/rt.jar]
[Loaded java.lang.ref.FinalReference from /Library/Java/JavaVirtualMachines/jdk1.8.0_45.jdk/Contents/Home/jre/lib/rt.jar]
[Loaded java.lang.ref.PhantomReference from /Library/Java/JavaVirtualMachines/jdk1.8.0_45.jdk/Contents/Home/jre/lib/rt.jar]
[Loaded sun.misc.Cleaner from /Library/Java/JavaVirtualMachines/jdk1.8.0_45.jdk/Contents/Home/jre/lib/rt.jar]
[Loaded java.lang.ref.Finalizer from /Library/Java/JavaVirtualMachines/jdk1.8.0_45.jdk/Contents/Home/jre/lib/rt.jar]
[Loaded java.lang.Runnable from /Library/Java/JavaVirtualMachines/jdk1.8.0_45.jdk/Contents/Home/jre/lib/rt.jar]
[Loaded java.lang.Thread from /Library/Java/JavaVirtualMachines/jdk1.8.0_45.jdk/Contents/Home/jre/lib/rt.jar]
[Loaded java.lang.Thread$UncaughtExceptionHandler from /Library/Java/JavaVirtualMachines/jdk1.8.0_45.jdk/Contents/Home/jre/lib/rt.jar]
[Loaded java.lang.ThreadGroup from /Library/Java/JavaVirtualMachines/jdk1.8.0_45.jdk/Contents/Home/jre/lib/rt.jar]
[Loaded java.util.Map from /Library/Java/JavaVirtualMachines/jdk1.8.0_45.jdk/Contents/Home/jre/lib/rt.jar]
[Loaded java.util.Dictionary from /Library/Java/JavaVirtualMachines/jdk1.8.0_45.jdk/Contents/Home/jre/lib/rt.jar]
[Loaded java.util.Hashtable from /Library/Java/JavaVirtualMachines/jdk1.8.0_45.jdk/Contents/Home/jre/lib/rt.jar]
[Loaded java.util.Properties from /Library/Java/JavaVirtualMachines/jdk1.8.0_45.jdk/Contents/Home/jre/lib/rt.jar]
[Loaded java.lang.reflect.AccessibleObject from /Library/Java/JavaVirtualMachines/jdk1.8.0_45.jdk/Contents/Home/jre/lib/rt.jar]
[Loaded java.lang.reflect.Member from /Library/Java/JavaVirtualMachines/jdk1.8.0_45.jdk/Contents/Home/jre/lib/rt.jar]
[Loaded java.lang.reflect.Field from /Library/Java/JavaVirtualMachines/jdk1.8.0_45.jdk/Contents/Home/jre/lib/rt.jar]
[Loaded java.lang.reflect.Parameter from /Library/Java/JavaVirtualMachines/jdk1.8.0_45.jdk/Contents/Home/jre/lib/rt.jar]
[Loaded java.lang.reflect.Executable from /Library/Java/JavaVirtualMachines/jdk1.8.0_45.jdk/Contents/Home/jre/lib/rt.jar]
[Loaded java.lang.reflect.Method from /Library/Java/JavaVirtualMachines/jdk1.8.0_45.jdk/Contents/Home/jre/lib/rt.jar]
[Loaded java.lang.reflect.Constructor from /Library/Java/JavaVirtualMachines/jdk1.8.0_45.jdk/Contents/Home/jre/lib/rt.jar]
[Loaded sun.reflect.MagicAccessorImpl from /Library/Java/JavaVirtualMachines/jdk1.8.0_45.jdk/Contents/Home/jre/lib/rt.jar]
[Loaded sun.reflect.MethodAccessor from /Library/Java/JavaVirtualMachines/jdk1.8.0_45.jdk/Contents/Home/jre/lib/rt.jar]
[Loaded sun.reflect.MethodAccessorImpl from /Library/Java/JavaVirtualMachines/jdk1.8.0_45.jdk/Contents/Home/jre/lib/rt.jar]
[Loaded sun.reflect.ConstructorAccessor from /Library/Java/JavaVirtualMachines/jdk1.8.0_45.jdk/Contents/Home/jre/lib/rt.jar]
[Loaded sun.reflect.ConstructorAccessorImpl from /Library/Java/JavaVirtualMachines/jdk1.8.0_45.jdk/Contents/Home/jre/lib/rt.jar]
[Loaded sun.reflect.DelegatingClassLoader from /Library/Java/JavaVirtualMachines/jdk1.8.0_45.jdk/Contents/Home/jre/lib/rt.jar]
[Loaded sun.reflect.ConstantPool from /Library/Java/JavaVirtualMachines/jdk1.8.0_45.jdk/Contents/Home/jre/lib/rt.jar]
[Loaded sun.reflect.FieldAccessor from /Library/Java/JavaVirtualMachines/jdk1.8.0_45.jdk/Contents/Home/jre/lib/rt.jar]
[Loaded sun.reflect.FieldAccessorImpl from /Library/Java/JavaVirtualMachines/jdk1.8.0_45.jdk/Contents/Home/jre/lib/rt.jar]
[Loaded sun.reflect.UnsafeFieldAccessorImpl from /Library/Java/JavaVirtualMachines/jdk1.8.0_45.jdk/Contents/Home/jre/lib/rt.jar]
[Loaded sun.reflect.UnsafeStaticFieldAccessorImpl from /Library/Java/JavaVirtualMachines/jdk1.8.0_45.jdk/Contents/Home/jre/lib/rt.jar]
[Loaded java.lang.annotation.Annotation from /Library/Java/JavaVirtualMachines/jdk1.8.0_45.jdk/Contents/Home/jre/lib/rt.jar]
[Loaded sun.reflect.CallerSensitive from /Library/Java/JavaVirtualMachines/jdk1.8.0_45.jdk/Contents/Home/jre/lib/rt.jar]
[Loaded java.lang.invoke.MethodHandle from /Library/Java/JavaVirtualMachines/jdk1.8.0_45.jdk/Contents/Home/jre/lib/rt.jar]
[Loaded java.lang.invoke.DirectMethodHandle from /Library/Java/JavaVirtualMachines/jdk1.8.0_45.jdk/Contents/Home/jre/lib/rt.jar]
[Loaded java.lang.invoke.MemberName from /Library/Java/JavaVirtualMachines/jdk1.8.0_45.jdk/Contents/Home/jre/lib/rt.jar]
[Loaded java.lang.invoke.MethodHandleNatives from /Library/Java/JavaVirtualMachines/jdk1.8.0_45.jdk/Contents/Home/jre/lib/rt.jar]
[Loaded java.lang.invoke.LambdaForm from /Library/Java/JavaVirtualMachines/jdk1.8.0_45.jdk/Contents/Home/jre/lib/rt.jar]
[Loaded java.lang.invoke.MethodType from /Library/Java/JavaVirtualMachines/jdk1.8.0_45.jdk/Contents/Home/jre/lib/rt.jar]
[Loaded java.lang.BootstrapMethodError from /Library/Java/JavaVirtualMachines/jdk1.8.0_45.jdk/Contents/Home/jre/lib/rt.jar]
[Loaded java.lang.invoke.CallSite from /Library/Java/JavaVirtualMachines/jdk1.8.0_45.jdk/Contents/Home/jre/lib/rt.jar]
[Loaded java.lang.invoke.ConstantCallSite from /Library/Java/JavaVirtualMachines/jdk1.8.0_45.jdk/Contents/Home/jre/lib/rt.jar]
[Loaded java.lang.invoke.MutableCallSite from /Library/Java/JavaVirtualMachines/jdk1.8.0_45.jdk/Contents/Home/jre/lib/rt.jar]
[Loaded java.lang.invoke.VolatileCallSite from /Library/Java/JavaVirtualMachines/jdk1.8.0_45.jdk/Contents/Home/jre/lib/rt.jar]
[Loaded java.lang.Appendable from /Library/Java/JavaVirtualMachines/jdk1.8.0_45.jdk/Contents/Home/jre/lib/rt.jar]
[Loaded java.lang.AbstractStringBuilder from /Library/Java/JavaVirtualMachines/jdk1.8.0_45.jdk/Contents/Home/jre/lib/rt.jar]
[Loaded java.lang.StringBuffer from /Library/Java/JavaVirtualMachines/jdk1.8.0_45.jdk/Contents/Home/jre/lib/rt.jar]
[Loaded java.lang.StringBuilder from /Library/Java/JavaVirtualMachines/jdk1.8.0_45.jdk/Contents/Home/jre/lib/rt.jar]
[Loaded sun.misc.Unsafe from /Library/Java/JavaVirtualMachines/jdk1.8.0_45.jdk/Contents/Home/jre/lib/rt.jar]
[Loaded java.lang.AutoCloseable from /Library/Java/JavaVirtualMachines/jdk1.8.0_45.jdk/Contents/Home/jre/lib/rt.jar]
[Loaded java.io.Closeable from /Library/Java/JavaVirtualMachines/jdk1.8.0_45.jdk/Contents/Home/jre/lib/rt.jar]
[Loaded java.io.InputStream from /Library/Java/JavaVirtualMachines/jdk1.8.0_45.jdk/Contents/Home/jre/lib/rt.jar]
[Loaded java.io.ByteArrayInputStream from /Library/Java/JavaVirtualMachines/jdk1.8.0_45.jdk/Contents/Home/jre/lib/rt.jar]
[Loaded java.io.File from /Library/Java/JavaVirtualMachines/jdk1.8.0_45.jdk/Contents/Home/jre/lib/rt.jar]
[Loaded java.net.URLClassLoader from /Library/Java/JavaVirtualMachines/jdk1.8.0_45.jdk/Contents/Home/jre/lib/rt.jar]
[Loaded java.net.URL from /Library/Java/JavaVirtualMachines/jdk1.8.0_45.jdk/Contents/Home/jre/lib/rt.jar]
[Loaded java.util.jar.Manifest from /Library/Java/JavaVirtualMachines/jdk1.8.0_45.jdk/Contents/Home/jre/lib/rt.jar]
[Loaded sun.misc.Launcher from /Library/Java/JavaVirtualMachines/jdk1.8.0_45.jdk/Contents/Home/jre/lib/rt.jar]
[Loaded sun.misc.Launcher$AppClassLoader from /Library/Java/JavaVirtualMachines/jdk1.8.0_45.jdk/Contents/Home/jre/lib/rt.jar]
[Loaded sun.misc.Launcher$ExtClassLoader from /Library/Java/JavaVirtualMachines/jdk1.8.0_45.jdk/Contents/Home/jre/lib/rt.jar]
[Loaded java.security.CodeSource from /Library/Java/JavaVirtualMachines/jdk1.8.0_45.jdk/Contents/Home/jre/lib/rt.jar]
[Loaded java.lang.StackTraceElement from /Library/Java/JavaVirtualMachines/jdk1.8.0_45.jdk/Contents/Home/jre/lib/rt.jar]
[Loaded java.nio.Buffer from /Library/Java/JavaVirtualMachines/jdk1.8.0_45.jdk/Contents/Home/jre/lib/rt.jar]
[Loaded java.lang.Boolean from /Library/Java/JavaVirtualMachines/jdk1.8.0_45.jdk/Contents/Home/jre/lib/rt.jar]
[Loaded java.lang.Character from /Library/Java/JavaVirtualMachines/jdk1.8.0_45.jdk/Contents/Home/jre/lib/rt.jar]
[Loaded java.lang.Number from /Library/Java/JavaVirtualMachines/jdk1.8.0_45.jdk/Contents/Home/jre/lib/rt.jar]
[Loaded java.lang.Float from /Library/Java/JavaVirtualMachines/jdk1.8.0_45.jdk/Contents/Home/jre/lib/rt.jar]
[Loaded java.lang.Double from /Library/Java/JavaVirtualMachines/jdk1.8.0_45.jdk/Contents/Home/jre/lib/rt.jar]
[Loaded java.lang.Byte from /Library/Java/JavaVirtualMachines/jdk1.8.0_45.jdk/Contents/Home/jre/lib/rt.jar]
[Loaded java.lang.Short from /Library/Java/JavaVirtualMachines/jdk1.8.0_45.jdk/Contents/Home/jre/lib/rt.jar]
[Loaded java.lang.Integer from /Library/Java/JavaVirtualMachines/jdk1.8.0_45.jdk/Contents/Home/jre/lib/rt.jar]
[Loaded java.lang.Long from /Library/Java/JavaVirtualMachines/jdk1.8.0_45.jdk/Contents/Home/jre/lib/rt.jar]
CompilerOracle: dontinline *TestVolatile.main
CompilerOracle: compileonly *TestVolatile.main
[Loaded java.lang.NullPointerException from /Library/Java/JavaVirtualMachines/jdk1.8.0_45.jdk/Contents/Home/jre/lib/rt.jar]
[Loaded java.lang.ArithmeticException from /Library/Java/JavaVirtualMachines/jdk1.8.0_45.jdk/Contents/Home/jre/lib/rt.jar]
[Loaded java.io.ObjectStreamField from /Library/Java/JavaVirtualMachines/jdk1.8.0_45.jdk/Contents/Home/jre/lib/rt.jar]
[Loaded java.util.Comparator from /Library/Java/JavaVirtualMachines/jdk1.8.0_45.jdk/Contents/Home/jre/lib/rt.jar]
[Loaded java.lang.String$CaseInsensitiveComparator from /Library/Java/JavaVirtualMachines/jdk1.8.0_45.jdk/Contents/Home/jre/lib/rt.jar]
[Loaded java.security.Guard from /Library/Java/JavaVirtualMachines/jdk1.8.0_45.jdk/Contents/Home/jre/lib/rt.jar]
[Loaded java.security.Permission from /Library/Java/JavaVirtualMachines/jdk1.8.0_45.jdk/Contents/Home/jre/lib/rt.jar]
[Loaded java.security.BasicPermission from /Library/Java/JavaVirtualMachines/jdk1.8.0_45.jdk/Contents/Home/jre/lib/rt.jar]
[Loaded java.lang.RuntimePermission from /Library/Java/JavaVirtualMachines/jdk1.8.0_45.jdk/Contents/Home/jre/lib/rt.jar]
[Loaded java.security.AccessController from /Library/Java/JavaVirtualMachines/jdk1.8.0_45.jdk/Contents/Home/jre/lib/rt.jar]
[Loaded java.lang.reflect.ReflectPermission from /Library/Java/JavaVirtualMachines/jdk1.8.0_45.jdk/Contents/Home/jre/lib/rt.jar]
[Loaded java.security.PrivilegedAction from /Library/Java/JavaVirtualMachines/jdk1.8.0_45.jdk/Contents/Home/jre/lib/rt.jar]
[Loaded sun.reflect.ReflectionFactory$GetReflectionFactoryAction from /Library/Java/JavaVirtualMachines/jdk1.8.0_45.jdk/Contents/Home/jre/lib/rt.jar]
[Loaded java.security.cert.Certificate from /Library/Java/JavaVirtualMachines/jdk1.8.0_45.jdk/Contents/Home/jre/lib/rt.jar]
[Loaded java.lang.Iterable from /Library/Java/JavaVirtualMachines/jdk1.8.0_45.jdk/Contents/Home/jre/lib/rt.jar]
[Loaded java.util.Collection from /Library/Java/JavaVirtualMachines/jdk1.8.0_45.jdk/Contents/Home/jre/lib/rt.jar]
[Loaded java.util.List from /Library/Java/JavaVirtualMachines/jdk1.8.0_45.jdk/Contents/Home/jre/lib/rt.jar]
[Loaded java.util.RandomAccess from /Library/Java/JavaVirtualMachines/jdk1.8.0_45.jdk/Contents/Home/jre/lib/rt.jar]
[Loaded java.util.AbstractCollection from /Library/Java/JavaVirtualMachines/jdk1.8.0_45.jdk/Contents/Home/jre/lib/rt.jar]
[Loaded java.util.AbstractList from /Library/Java/JavaVirtualMachines/jdk1.8.0_45.jdk/Contents/Home/jre/lib/rt.jar]
[Loaded java.util.Vector from /Library/Java/JavaVirtualMachines/jdk1.8.0_45.jdk/Contents/Home/jre/lib/rt.jar]
[Loaded java.util.Stack from /Library/Java/JavaVirtualMachines/jdk1.8.0_45.jdk/Contents/Home/jre/lib/rt.jar]
[Loaded sun.reflect.ReflectionFactory from /Library/Java/JavaVirtualMachines/jdk1.8.0_45.jdk/Contents/Home/jre/lib/rt.jar]
[Loaded java.lang.ref.Reference$Lock from /Library/Java/JavaVirtualMachines/jdk1.8.0_45.jdk/Contents/Home/jre/lib/rt.jar]
[Loaded java.lang.ref.Reference$ReferenceHandler from /Library/Java/JavaVirtualMachines/jdk1.8.0_45.jdk/Contents/Home/jre/lib/rt.jar]
[Loaded java.lang.ref.ReferenceQueue from /Library/Java/JavaVirtualMachines/jdk1.8.0_45.jdk/Contents/Home/jre/lib/rt.jar]
[Loaded java.lang.ref.ReferenceQueue$Null from /Library/Java/JavaVirtualMachines/jdk1.8.0_45.jdk/Contents/Home/jre/lib/rt.jar]
[Loaded java.lang.ref.ReferenceQueue$Lock from /Library/Java/JavaVirtualMachines/jdk1.8.0_45.jdk/Contents/Home/jre/lib/rt.jar]
[Loaded java.lang.ref.Finalizer$FinalizerThread from /Library/Java/JavaVirtualMachines/jdk1.8.0_45.jdk/Contents/Home/jre/lib/rt.jar]
<writer thread='14595'/>
[Loaded sun.misc.VM from /Library/Java/JavaVirtualMachines/jdk1.8.0_45.jdk/Contents/Home/jre/lib/rt.jar]
<writer thread='7171'/>
[Loaded java.util.Map$Entry from /Library/Java/JavaVirtualMachines/jdk1.8.0_45.jdk/Contents/Home/jre/lib/rt.jar]
[Loaded java.util.Hashtable$Entry from /Library/Java/JavaVirtualMachines/jdk1.8.0_45.jdk/Contents/Home/jre/lib/rt.jar]
[Loaded java.lang.Math from /Library/Java/JavaVirtualMachines/jdk1.8.0_45.jdk/Contents/Home/jre/lib/rt.jar]
[Loaded java.nio.charset.Charset from /Library/Java/JavaVirtualMachines/jdk1.8.0_45.jdk/Contents/Home/jre/lib/rt.jar]
[Loaded java.nio.charset.spi.CharsetProvider from /Library/Java/JavaVirtualMachines/jdk1.8.0_45.jdk/Contents/Home/jre/lib/rt.jar]
[Loaded sun.nio.cs.FastCharsetProvider from /Library/Java/JavaVirtualMachines/jdk1.8.0_45.jdk/Contents/Home/jre/lib/rt.jar]
[Loaded sun.nio.cs.StandardCharsets from /Library/Java/JavaVirtualMachines/jdk1.8.0_45.jdk/Contents/Home/jre/lib/rt.jar]
[Loaded java.util.AbstractMap from /Library/Java/JavaVirtualMachines/jdk1.8.0_45.jdk/Contents/Home/jre/lib/rt.jar]
[Loaded sun.util.PreHashedMap from /Library/Java/JavaVirtualMachines/jdk1.8.0_45.jdk/Contents/Home/jre/lib/rt.jar]
[Loaded sun.nio.cs.StandardCharsets$Aliases from /Library/Java/JavaVirtualMachines/jdk1.8.0_45.jdk/Contents/Home/jre/lib/rt.jar]
[Loaded sun.nio.cs.StandardCharsets$Classes from /Library/Java/JavaVirtualMachines/jdk1.8.0_45.jdk/Contents/Home/jre/lib/rt.jar]
[Loaded sun.nio.cs.StandardCharsets$Cache from /Library/Java/JavaVirtualMachines/jdk1.8.0_45.jdk/Contents/Home/jre/lib/rt.jar]
[Loaded java.lang.ThreadLocal from /Library/Java/JavaVirtualMachines/jdk1.8.0_45.jdk/Contents/Home/jre/lib/rt.jar]
[Loaded java.util.concurrent.atomic.AtomicInteger from /Library/Java/JavaVirtualMachines/jdk1.8.0_45.jdk/Contents/Home/jre/lib/rt.jar]
[Loaded java.lang.IncompatibleClassChangeError from /Library/Java/JavaVirtualMachines/jdk1.8.0_45.jdk/Contents/Home/jre/lib/rt.jar]
[Loaded java.lang.NoSuchMethodError from /Library/Java/JavaVirtualMachines/jdk1.8.0_45.jdk/Contents/Home/jre/lib/rt.jar]
[Loaded java.util.ArrayList from /Library/Java/JavaVirtualMachines/jdk1.8.0_45.jdk/Contents/Home/jre/lib/rt.jar]
[Loaded java.util.Collections from /Library/Java/JavaVirtualMachines/jdk1.8.0_45.jdk/Contents/Home/jre/lib/rt.jar]
[Loaded java.util.Set from /Library/Java/JavaVirtualMachines/jdk1.8.0_45.jdk/Contents/Home/jre/lib/rt.jar]
[Loaded java.util.AbstractSet from /Library/Java/JavaVirtualMachines/jdk1.8.0_45.jdk/Contents/Home/jre/lib/rt.jar]
[Loaded java.util.Collections$EmptySet from /Library/Java/JavaVirtualMachines/jdk1.8.0_45.jdk/Contents/Home/jre/lib/rt.jar]
[Loaded java.util.Collections$EmptyList from /Library/Java/JavaVirtualMachines/jdk1.8.0_45.jdk/Contents/Home/jre/lib/rt.jar]
[Loaded java.util.Collections$EmptyMap from /Library/Java/JavaVirtualMachines/jdk1.8.0_45.jdk/Contents/Home/jre/lib/rt.jar]
[Loaded java.util.Collections$UnmodifiableCollection from /Library/Java/JavaVirtualMachines/jdk1.8.0_45.jdk/Contents/Home/jre/lib/rt.jar]
[Loaded java.util.Collections$UnmodifiableList from /Library/Java/JavaVirtualMachines/jdk1.8.0_45.jdk/Contents/Home/jre/lib/rt.jar]
[Loaded java.util.Collections$UnmodifiableRandomAccessList from /Library/Java/JavaVirtualMachines/jdk1.8.0_45.jdk/Contents/Home/jre/lib/rt.jar]
[Loaded sun.reflect.Reflection from /Library/Java/JavaVirtualMachines/jdk1.8.0_45.jdk/Contents/Home/jre/lib/rt.jar]
[Loaded java.util.HashMap from /Library/Java/JavaVirtualMachines/jdk1.8.0_45.jdk/Contents/Home/jre/lib/rt.jar]
[Loaded java.util.HashMap$Node from /Library/Java/JavaVirtualMachines/jdk1.8.0_45.jdk/Contents/Home/jre/lib/rt.jar]
[Loaded java.lang.Class$3 from /Library/Java/JavaVirtualMachines/jdk1.8.0_45.jdk/Contents/Home/jre/lib/rt.jar]
[Loaded java.lang.Class$ReflectionData from /Library/Java/JavaVirtualMachines/jdk1.8.0_45.jdk/Contents/Home/jre/lib/rt.jar]
[Loaded java.lang.Class$Atomic from /Library/Java/JavaVirtualMachines/jdk1.8.0_45.jdk/Contents/Home/jre/lib/rt.jar]
[Loaded sun.reflect.generics.repository.AbstractRepository from /Library/Java/JavaVirtualMachines/jdk1.8.0_45.jdk/Contents/Home/jre/lib/rt.jar]
[Loaded sun.reflect.generics.repository.GenericDeclRepository from /Library/Java/JavaVirtualMachines/jdk1.8.0_45.jdk/Contents/Home/jre/lib/rt.jar]
[Loaded sun.reflect.generics.repository.ClassRepository from /Library/Java/JavaVirtualMachines/jdk1.8.0_45.jdk/Contents/Home/jre/lib/rt.jar]
[Loaded java.lang.Class$AnnotationData from /Library/Java/JavaVirtualMachines/jdk1.8.0_45.jdk/Contents/Home/jre/lib/rt.jar]
[Loaded sun.reflect.annotation.AnnotationType from /Library/Java/JavaVirtualMachines/jdk1.8.0_45.jdk/Contents/Home/jre/lib/rt.jar]
[Loaded java.util.WeakHashMap from /Library/Java/JavaVirtualMachines/jdk1.8.0_45.jdk/Contents/Home/jre/lib/rt.jar]
[Loaded java.lang.ClassValue$ClassValueMap from /Library/Java/JavaVirtualMachines/jdk1.8.0_45.jdk/Contents/Home/jre/lib/rt.jar]
[Loaded java.lang.reflect.Modifier from /Library/Java/JavaVirtualMachines/jdk1.8.0_45.jdk/Contents/Home/jre/lib/rt.jar]
[Loaded sun.reflect.LangReflectAccess from /Library/Java/JavaVirtualMachines/jdk1.8.0_45.jdk/Contents/Home/jre/lib/rt.jar]
[Loaded java.lang.reflect.ReflectAccess from /Library/Java/JavaVirtualMachines/jdk1.8.0_45.jdk/Contents/Home/jre/lib/rt.jar]
[Loaded java.util.Arrays from /Library/Java/JavaVirtualMachines/jdk1.8.0_45.jdk/Contents/Home/jre/lib/rt.jar]
[Loaded sun.nio.cs.HistoricallyNamedCharset from /Library/Java/JavaVirtualMachines/jdk1.8.0_45.jdk/Contents/Home/jre/lib/rt.jar]
[Loaded sun.nio.cs.Unicode from /Library/Java/JavaVirtualMachines/jdk1.8.0_45.jdk/Contents/Home/jre/lib/rt.jar]
[Loaded sun.nio.cs.UTF_8 from /Library/Java/JavaVirtualMachines/jdk1.8.0_45.jdk/Contents/Home/jre/lib/rt.jar]
[Loaded java.lang.Class$1 from /Library/Java/JavaVirtualMachines/jdk1.8.0_45.jdk/Contents/Home/jre/lib/rt.jar]
[Loaded sun.reflect.ReflectionFactory$1 from /Library/Java/JavaVirtualMachines/jdk1.8.0_45.jdk/Contents/Home/jre/lib/rt.jar]
[Loaded sun.reflect.NativeConstructorAccessorImpl from /Library/Java/JavaVirtualMachines/jdk1.8.0_45.jdk/Contents/Home/jre/lib/rt.jar]
[Loaded sun.reflect.DelegatingConstructorAccessorImpl from /Library/Java/JavaVirtualMachines/jdk1.8.0_45.jdk/Contents/Home/jre/lib/rt.jar]
[Loaded java.lang.StringCoding from /Library/Java/JavaVirtualMachines/jdk1.8.0_45.jdk/Contents/Home/jre/lib/rt.jar]
[Loaded java.lang.ThreadLocal$ThreadLocalMap from /Library/Java/JavaVirtualMachines/jdk1.8.0_45.jdk/Contents/Home/jre/lib/rt.jar]
[Loaded java.lang.ThreadLocal$ThreadLocalMap$Entry from /Library/Java/JavaVirtualMachines/jdk1.8.0_45.jdk/Contents/Home/jre/lib/rt.jar]
[Loaded java.lang.StringCoding$StringDecoder from /Library/Java/JavaVirtualMachines/jdk1.8.0_45.jdk/Contents/Home/jre/lib/rt.jar]
[Loaded sun.nio.cs.ArrayDecoder from /Library/Java/JavaVirtualMachines/jdk1.8.0_45.jdk/Contents/Home/jre/lib/rt.jar]
[Loaded java.nio.charset.CharsetDecoder from /Library/Java/JavaVirtualMachines/jdk1.8.0_45.jdk/Contents/Home/jre/lib/rt.jar]
[Loaded sun.nio.cs.UTF_8$Decoder from /Library/Java/JavaVirtualMachines/jdk1.8.0_45.jdk/Contents/Home/jre/lib/rt.jar]
[Loaded java.nio.charset.CodingErrorAction from /Library/Java/JavaVirtualMachines/jdk1.8.0_45.jdk/Contents/Home/jre/lib/rt.jar]
[Loaded java.util.Hashtable$EntrySet from /Library/Java/JavaVirtualMachines/jdk1.8.0_45.jdk/Contents/Home/jre/lib/rt.jar]
[Loaded java.util.Collections$SynchronizedCollection from /Library/Java/JavaVirtualMachines/jdk1.8.0_45.jdk/Contents/Home/jre/lib/rt.jar]
[Loaded java.util.Collections$SynchronizedSet from /Library/Java/JavaVirtualMachines/jdk1.8.0_45.jdk/Contents/Home/jre/lib/rt.jar]
[Loaded java.util.Objects from /Library/Java/JavaVirtualMachines/jdk1.8.0_45.jdk/Contents/Home/jre/lib/rt.jar]
[Loaded java.util.Enumeration from /Library/Java/JavaVirtualMachines/jdk1.8.0_45.jdk/Contents/Home/jre/lib/rt.jar]
[Loaded java.util.Iterator from /Library/Java/JavaVirtualMachines/jdk1.8.0_45.jdk/Contents/Home/jre/lib/rt.jar]
[Loaded java.util.Hashtable$Enumerator from /Library/Java/JavaVirtualMachines/jdk1.8.0_45.jdk/Contents/Home/jre/lib/rt.jar]
[Loaded java.lang.Runtime from /Library/Java/JavaVirtualMachines/jdk1.8.0_45.jdk/Contents/Home/jre/lib/rt.jar]
[Loaded sun.misc.Version from /Library/Java/JavaVirtualMachines/jdk1.8.0_45.jdk/Contents/Home/jre/lib/rt.jar]
[Loaded java.io.FileInputStream from /Library/Java/JavaVirtualMachines/jdk1.8.0_45.jdk/Contents/Home/jre/lib/rt.jar]
[Loaded java.io.FileDescriptor from /Library/Java/JavaVirtualMachines/jdk1.8.0_45.jdk/Contents/Home/jre/lib/rt.jar]
[Loaded sun.misc.JavaIOFileDescriptorAccess from /Library/Java/JavaVirtualMachines/jdk1.8.0_45.jdk/Contents/Home/jre/lib/rt.jar]
[Loaded java.io.FileDescriptor$1 from /Library/Java/JavaVirtualMachines/jdk1.8.0_45.jdk/Contents/Home/jre/lib/rt.jar]
[Loaded sun.misc.SharedSecrets from /Library/Java/JavaVirtualMachines/jdk1.8.0_45.jdk/Contents/Home/jre/lib/rt.jar]
[Loaded java.io.Flushable from /Library/Java/JavaVirtualMachines/jdk1.8.0_45.jdk/Contents/Home/jre/lib/rt.jar]
[Loaded java.io.OutputStream from /Library/Java/JavaVirtualMachines/jdk1.8.0_45.jdk/Contents/Home/jre/lib/rt.jar]
[Loaded java.io.FileOutputStream from /Library/Java/JavaVirtualMachines/jdk1.8.0_45.jdk/Contents/Home/jre/lib/rt.jar]
[Loaded java.io.FilterInputStream from /Library/Java/JavaVirtualMachines/jdk1.8.0_45.jdk/Contents/Home/jre/lib/rt.jar]
[Loaded java.io.BufferedInputStream from /Library/Java/JavaVirtualMachines/jdk1.8.0_45.jdk/Contents/Home/jre/lib/rt.jar]
[Loaded java.util.concurrent.atomic.AtomicReferenceFieldUpdater from /Library/Java/JavaVirtualMachines/jdk1.8.0_45.jdk/Contents/Home/jre/lib/rt.jar]
[Loaded java.util.concurrent.atomic.AtomicReferenceFieldUpdater$AtomicReferenceFieldUpdaterImpl from /Library/Java/JavaVirtualMachines/jdk1.8.0_45.jdk/Contents/Home/jre/lib/rt.jar]
[Loaded java.security.PrivilegedExceptionAction from /Library/Java/JavaVirtualMachines/jdk1.8.0_45.jdk/Contents/Home/jre/lib/rt.jar]
[Loaded java.util.concurrent.atomic.AtomicReferenceFieldUpdater$AtomicReferenceFieldUpdaterImpl$1 from /Library/Java/JavaVirtualMachines/jdk1.8.0_45.jdk/Contents/Home/jre/lib/rt.jar]
[Loaded sun.reflect.misc.ReflectUtil from /Library/Java/JavaVirtualMachines/jdk1.8.0_45.jdk/Contents/Home/jre/lib/rt.jar]
[Loaded java.io.FilterOutputStream from /Library/Java/JavaVirtualMachines/jdk1.8.0_45.jdk/Contents/Home/jre/lib/rt.jar]
[Loaded java.io.PrintStream from /Library/Java/JavaVirtualMachines/jdk1.8.0_45.jdk/Contents/Home/jre/lib/rt.jar]
[Loaded java.io.BufferedOutputStream from /Library/Java/JavaVirtualMachines/jdk1.8.0_45.jdk/Contents/Home/jre/lib/rt.jar]
[Loaded java.io.Writer from /Library/Java/JavaVirtualMachines/jdk1.8.0_45.jdk/Contents/Home/jre/lib/rt.jar]
[Loaded java.io.OutputStreamWriter from /Library/Java/JavaVirtualMachines/jdk1.8.0_45.jdk/Contents/Home/jre/lib/rt.jar]
[Loaded sun.nio.cs.StreamEncoder from /Library/Java/JavaVirtualMachines/jdk1.8.0_45.jdk/Contents/Home/jre/lib/rt.jar]
[Loaded sun.security.action.GetPropertyAction from /Library/Java/JavaVirtualMachines/jdk1.8.0_45.jdk/Contents/Home/jre/lib/rt.jar]
[Loaded sun.nio.cs.ArrayEncoder from /Library/Java/JavaVirtualMachines/jdk1.8.0_45.jdk/Contents/Home/jre/lib/rt.jar]
[Loaded java.nio.charset.CharsetEncoder from /Library/Java/JavaVirtualMachines/jdk1.8.0_45.jdk/Contents/Home/jre/lib/rt.jar]
[Loaded sun.nio.cs.UTF_8$Encoder from /Library/Java/JavaVirtualMachines/jdk1.8.0_45.jdk/Contents/Home/jre/lib/rt.jar]
[Loaded java.nio.ByteBuffer from /Library/Java/JavaVirtualMachines/jdk1.8.0_45.jdk/Contents/Home/jre/lib/rt.jar]
[Loaded java.nio.HeapByteBuffer from /Library/Java/JavaVirtualMachines/jdk1.8.0_45.jdk/Contents/Home/jre/lib/rt.jar]
[Loaded java.nio.Bits from /Library/Java/JavaVirtualMachines/jdk1.8.0_45.jdk/Contents/Home/jre/lib/rt.jar]
[Loaded java.nio.ByteOrder from /Library/Java/JavaVirtualMachines/jdk1.8.0_45.jdk/Contents/Home/jre/lib/rt.jar]
[Loaded sun.misc.JavaNioAccess from /Library/Java/JavaVirtualMachines/jdk1.8.0_45.jdk/Contents/Home/jre/lib/rt.jar]
[Loaded java.nio.Bits$1 from /Library/Java/JavaVirtualMachines/jdk1.8.0_45.jdk/Contents/Home/jre/lib/rt.jar]
[Loaded java.io.BufferedWriter from /Library/Java/JavaVirtualMachines/jdk1.8.0_45.jdk/Contents/Home/jre/lib/rt.jar]
[Loaded java.io.DefaultFileSystem from /Library/Java/JavaVirtualMachines/jdk1.8.0_45.jdk/Contents/Home/jre/lib/rt.jar]
[Loaded java.io.FileSystem from /Library/Java/JavaVirtualMachines/jdk1.8.0_45.jdk/Contents/Home/jre/lib/rt.jar]
[Loaded java.io.UnixFileSystem from /Library/Java/JavaVirtualMachines/jdk1.8.0_45.jdk/Contents/Home/jre/lib/rt.jar]
[Loaded java.io.ExpiringCache from /Library/Java/JavaVirtualMachines/jdk1.8.0_45.jdk/Contents/Home/jre/lib/rt.jar]
[Loaded java.util.LinkedHashMap from /Library/Java/JavaVirtualMachines/jdk1.8.0_45.jdk/Contents/Home/jre/lib/rt.jar]
[Loaded java.io.ExpiringCache$1 from /Library/Java/JavaVirtualMachines/jdk1.8.0_45.jdk/Contents/Home/jre/lib/rt.jar]
[Loaded java.lang.Enum from /Library/Java/JavaVirtualMachines/jdk1.8.0_45.jdk/Contents/Home/jre/lib/rt.jar]
[Loaded java.io.File$PathStatus from /Library/Java/JavaVirtualMachines/jdk1.8.0_45.jdk/Contents/Home/jre/lib/rt.jar]
[Loaded java.nio.file.Watchable from /Library/Java/JavaVirtualMachines/jdk1.8.0_45.jdk/Contents/Home/jre/lib/rt.jar]
[Loaded java.nio.file.Path from /Library/Java/JavaVirtualMachines/jdk1.8.0_45.jdk/Contents/Home/jre/lib/rt.jar]
[Loaded java.lang.ClassLoader$NativeLibrary from /Library/Java/JavaVirtualMachines/jdk1.8.0_45.jdk/Contents/Home/jre/lib/rt.jar]
[Loaded java.lang.StringCoding$StringEncoder from /Library/Java/JavaVirtualMachines/jdk1.8.0_45.jdk/Contents/Home/jre/lib/rt.jar]
[Loaded java.lang.ClassLoader$3 from /Library/Java/JavaVirtualMachines/jdk1.8.0_45.jdk/Contents/Home/jre/lib/rt.jar]
[Loaded java.io.ExpiringCache$Entry from /Library/Java/JavaVirtualMachines/jdk1.8.0_45.jdk/Contents/Home/jre/lib/rt.jar]
[Loaded java.util.LinkedHashMap$Entry from /Library/Java/JavaVirtualMachines/jdk1.8.0_45.jdk/Contents/Home/jre/lib/rt.jar]
[Loaded java.lang.Terminator from /Library/Java/JavaVirtualMachines/jdk1.8.0_45.jdk/Contents/Home/jre/lib/rt.jar]
[Loaded sun.misc.SignalHandler from /Library/Java/JavaVirtualMachines/jdk1.8.0_45.jdk/Contents/Home/jre/lib/rt.jar]
[Loaded java.lang.Terminator$1 from /Library/Java/JavaVirtualMachines/jdk1.8.0_45.jdk/Contents/Home/jre/lib/rt.jar]
[Loaded sun.misc.Signal from /Library/Java/JavaVirtualMachines/jdk1.8.0_45.jdk/Contents/Home/jre/lib/rt.jar]
[Loaded sun.misc.NativeSignalHandler from /Library/Java/JavaVirtualMachines/jdk1.8.0_45.jdk/Contents/Home/jre/lib/rt.jar]
[Loaded java.lang.Integer$IntegerCache from /Library/Java/JavaVirtualMachines/jdk1.8.0_45.jdk/Contents/Home/jre/lib/rt.jar]
[Loaded sun.misc.OSEnvironment from /Library/Java/JavaVirtualMachines/jdk1.8.0_45.jdk/Contents/Home/jre/lib/rt.jar]
[Loaded sun.misc.JavaLangAccess from /Library/Java/JavaVirtualMachines/jdk1.8.0_45.jdk/Contents/Home/jre/lib/rt.jar]
[Loaded java.lang.System$2 from /Library/Java/JavaVirtualMachines/jdk1.8.0_45.jdk/Contents/Home/jre/lib/rt.jar]
[Loaded java.lang.IllegalArgumentException from /Library/Java/JavaVirtualMachines/jdk1.8.0_45.jdk/Contents/Home/jre/lib/rt.jar]
[Loaded java.lang.Compiler from /Library/Java/JavaVirtualMachines/jdk1.8.0_45.jdk/Contents/Home/jre/lib/rt.jar]
[Loaded java.lang.Compiler$1 from /Library/Java/JavaVirtualMachines/jdk1.8.0_45.jdk/Contents/Home/jre/lib/rt.jar]
[Loaded java.net.URLStreamHandlerFactory from /Library/Java/JavaVirtualMachines/jdk1.8.0_45.jdk/Contents/Home/jre/lib/rt.jar]
[Loaded sun.misc.Launcher$Factory from /Library/Java/JavaVirtualMachines/jdk1.8.0_45.jdk/Contents/Home/jre/lib/rt.jar]
[Loaded sun.security.util.Debug from /Library/Java/JavaVirtualMachines/jdk1.8.0_45.jdk/Contents/Home/jre/lib/rt.jar]
[Loaded java.lang.ClassLoader$ParallelLoaders from /Library/Java/JavaVirtualMachines/jdk1.8.0_45.jdk/Contents/Home/jre/lib/rt.jar]
[Loaded java.util.WeakHashMap$Entry from /Library/Java/JavaVirtualMachines/jdk1.8.0_45.jdk/Contents/Home/jre/lib/rt.jar]
[Loaded java.util.Collections$SetFromMap from /Library/Java/JavaVirtualMachines/jdk1.8.0_45.jdk/Contents/Home/jre/lib/rt.jar]
[Loaded java.util.WeakHashMap$KeySet from /Library/Java/JavaVirtualMachines/jdk1.8.0_45.jdk/Contents/Home/jre/lib/rt.jar]
[Loaded sun.misc.JavaNetAccess from /Library/Java/JavaVirtualMachines/jdk1.8.0_45.jdk/Contents/Home/jre/lib/rt.jar]
[Loaded java.net.URLClassLoader$7 from /Library/Java/JavaVirtualMachines/jdk1.8.0_45.jdk/Contents/Home/jre/lib/rt.jar]
[Loaded java.util.StringTokenizer from /Library/Java/JavaVirtualMachines/jdk1.8.0_45.jdk/Contents/Home/jre/lib/rt.jar]
[Loaded sun.misc.Launcher$ExtClassLoader$1 from /Library/Java/JavaVirtualMachines/jdk1.8.0_45.jdk/Contents/Home/jre/lib/rt.jar]
[Loaded sun.misc.MetaIndex from /Library/Java/JavaVirtualMachines/jdk1.8.0_45.jdk/Contents/Home/jre/lib/rt.jar]
[Loaded java.lang.Readable from /Library/Java/JavaVirtualMachines/jdk1.8.0_45.jdk/Contents/Home/jre/lib/rt.jar]
[Loaded java.io.Reader from /Library/Java/JavaVirtualMachines/jdk1.8.0_45.jdk/Contents/Home/jre/lib/rt.jar]
[Loaded java.io.BufferedReader from /Library/Java/JavaVirtualMachines/jdk1.8.0_45.jdk/Contents/Home/jre/lib/rt.jar]
[Loaded java.io.InputStreamReader from /Library/Java/JavaVirtualMachines/jdk1.8.0_45.jdk/Contents/Home/jre/lib/rt.jar]
[Loaded java.io.FileReader from /Library/Java/JavaVirtualMachines/jdk1.8.0_45.jdk/Contents/Home/jre/lib/rt.jar]
[Loaded sun.nio.cs.StreamDecoder from /Library/Java/JavaVirtualMachines/jdk1.8.0_45.jdk/Contents/Home/jre/lib/rt.jar]
[Loaded java.nio.CharBuffer from /Library/Java/JavaVirtualMachines/jdk1.8.0_45.jdk/Contents/Home/jre/lib/rt.jar]
[Loaded java.nio.HeapCharBuffer from /Library/Java/JavaVirtualMachines/jdk1.8.0_45.jdk/Contents/Home/jre/lib/rt.jar]
[Loaded java.nio.charset.CoderResult from /Library/Java/JavaVirtualMachines/jdk1.8.0_45.jdk/Contents/Home/jre/lib/rt.jar]
[Loaded java.nio.charset.CoderResult$Cache from /Library/Java/JavaVirtualMachines/jdk1.8.0_45.jdk/Contents/Home/jre/lib/rt.jar]
[Loaded java.nio.charset.CoderResult$1 from /Library/Java/JavaVirtualMachines/jdk1.8.0_45.jdk/Contents/Home/jre/lib/rt.jar]
[Loaded java.nio.charset.CoderResult$2 from /Library/Java/JavaVirtualMachines/jdk1.8.0_45.jdk/Contents/Home/jre/lib/rt.jar]
[Loaded java.lang.reflect.Array from /Library/Java/JavaVirtualMachines/jdk1.8.0_45.jdk/Contents/Home/jre/lib/rt.jar]
[Loaded java.util.HashMap$TreeNode from /Library/Java/JavaVirtualMachines/jdk1.8.0_45.jdk/Contents/Home/jre/lib/rt.jar]
[Loaded java.io.FileInputStream$1 from /Library/Java/JavaVirtualMachines/jdk1.8.0_45.jdk/Contents/Home/jre/lib/rt.jar]
[Loaded sun.net.www.ParseUtil from /Library/Java/JavaVirtualMachines/jdk1.8.0_45.jdk/Contents/Home/jre/lib/rt.jar]
[Loaded java.util.BitSet from /Library/Java/JavaVirtualMachines/jdk1.8.0_45.jdk/Contents/Home/jre/lib/rt.jar]
[Loaded java.util.Locale from /Library/Java/JavaVirtualMachines/jdk1.8.0_45.jdk/Contents/Home/jre/lib/rt.jar]
[Loaded sun.util.locale.LocaleObjectCache from /Library/Java/JavaVirtualMachines/jdk1.8.0_45.jdk/Contents/Home/jre/lib/rt.jar]
[Loaded java.util.Locale$Cache from /Library/Java/JavaVirtualMachines/jdk1.8.0_45.jdk/Contents/Home/jre/lib/rt.jar]
[Loaded java.util.concurrent.ConcurrentMap from /Library/Java/JavaVirtualMachines/jdk1.8.0_45.jdk/Contents/Home/jre/lib/rt.jar]
[Loaded java.util.concurrent.ConcurrentHashMap from /Library/Java/JavaVirtualMachines/jdk1.8.0_45.jdk/Contents/Home/jre/lib/rt.jar]
[Loaded java.util.concurrent.locks.Lock from /Library/Java/JavaVirtualMachines/jdk1.8.0_45.jdk/Contents/Home/jre/lib/rt.jar]
[Loaded java.util.concurrent.locks.ReentrantLock from /Library/Java/JavaVirtualMachines/jdk1.8.0_45.jdk/Contents/Home/jre/lib/rt.jar]
[Loaded java.util.concurrent.ConcurrentHashMap$Segment from /Library/Java/JavaVirtualMachines/jdk1.8.0_45.jdk/Contents/Home/jre/lib/rt.jar]
[Loaded java.util.concurrent.ConcurrentHashMap$Node from /Library/Java/JavaVirtualMachines/jdk1.8.0_45.jdk/Contents/Home/jre/lib/rt.jar]
[Loaded java.util.concurrent.ConcurrentHashMap$CounterCell from /Library/Java/JavaVirtualMachines/jdk1.8.0_45.jdk/Contents/Home/jre/lib/rt.jar]
[Loaded java.util.concurrent.ConcurrentHashMap$CollectionView from /Library/Java/JavaVirtualMachines/jdk1.8.0_45.jdk/Contents/Home/jre/lib/rt.jar]
[Loaded java.util.concurrent.ConcurrentHashMap$KeySetView from /Library/Java/JavaVirtualMachines/jdk1.8.0_45.jdk/Contents/Home/jre/lib/rt.jar]
[Loaded java.util.concurrent.ConcurrentHashMap$ValuesView from /Library/Java/JavaVirtualMachines/jdk1.8.0_45.jdk/Contents/Home/jre/lib/rt.jar]
[Loaded java.util.concurrent.ConcurrentHashMap$EntrySetView from /Library/Java/JavaVirtualMachines/jdk1.8.0_45.jdk/Contents/Home/jre/lib/rt.jar]
[Loaded sun.util.locale.BaseLocale from /Library/Java/JavaVirtualMachines/jdk1.8.0_45.jdk/Contents/Home/jre/lib/rt.jar]
[Loaded sun.util.locale.BaseLocale$Cache from /Library/Java/JavaVirtualMachines/jdk1.8.0_45.jdk/Contents/Home/jre/lib/rt.jar]
[Loaded sun.util.locale.BaseLocale$Key from /Library/Java/JavaVirtualMachines/jdk1.8.0_45.jdk/Contents/Home/jre/lib/rt.jar]
[Loaded sun.util.locale.LocaleObjectCache$CacheEntry from /Library/Java/JavaVirtualMachines/jdk1.8.0_45.jdk/Contents/Home/jre/lib/rt.jar]
[Loaded java.util.Locale$LocaleKey from /Library/Java/JavaVirtualMachines/jdk1.8.0_45.jdk/Contents/Home/jre/lib/rt.jar]
[Loaded sun.util.locale.LocaleUtils from /Library/Java/JavaVirtualMachines/jdk1.8.0_45.jdk/Contents/Home/jre/lib/rt.jar]
[Loaded java.lang.CharacterData from /Library/Java/JavaVirtualMachines/jdk1.8.0_45.jdk/Contents/Home/jre/lib/rt.jar]
[Loaded java.lang.CharacterDataLatin1 from /Library/Java/JavaVirtualMachines/jdk1.8.0_45.jdk/Contents/Home/jre/lib/rt.jar]
[Loaded java.net.Parts from /Library/Java/JavaVirtualMachines/jdk1.8.0_45.jdk/Contents/Home/jre/lib/rt.jar]
[Loaded java.net.URLStreamHandler from /Library/Java/JavaVirtualMachines/jdk1.8.0_45.jdk/Contents/Home/jre/lib/rt.jar]
[Loaded sun.net.www.protocol.file.Handler from /Library/Java/JavaVirtualMachines/jdk1.8.0_45.jdk/Contents/Home/jre/lib/rt.jar]
[Loaded sun.misc.JavaSecurityAccess from /Library/Java/JavaVirtualMachines/jdk1.8.0_45.jdk/Contents/Home/jre/lib/rt.jar]
[Loaded java.security.ProtectionDomain$1 from /Library/Java/JavaVirtualMachines/jdk1.8.0_45.jdk/Contents/Home/jre/lib/rt.jar]
[Loaded sun.misc.JavaSecurityProtectionDomainAccess from /Library/Java/JavaVirtualMachines/jdk1.8.0_45.jdk/Contents/Home/jre/lib/rt.jar]
[Loaded java.security.ProtectionDomain$3 from /Library/Java/JavaVirtualMachines/jdk1.8.0_45.jdk/Contents/Home/jre/lib/rt.jar]
[Loaded java.security.ProtectionDomain$Key from /Library/Java/JavaVirtualMachines/jdk1.8.0_45.jdk/Contents/Home/jre/lib/rt.jar]
[Loaded java.security.Principal from /Library/Java/JavaVirtualMachines/jdk1.8.0_45.jdk/Contents/Home/jre/lib/rt.jar]
[Loaded java.util.HashSet from /Library/Java/JavaVirtualMachines/jdk1.8.0_45.jdk/Contents/Home/jre/lib/rt.jar]
[Loaded sun.misc.URLClassPath from /Library/Java/JavaVirtualMachines/jdk1.8.0_45.jdk/Contents/Home/jre/lib/rt.jar]
[Loaded sun.net.www.protocol.jar.Handler from /Library/Java/JavaVirtualMachines/jdk1.8.0_45.jdk/Contents/Home/jre/lib/rt.jar]
[Loaded sun.misc.Launcher$AppClassLoader$1 from /Library/Java/JavaVirtualMachines/jdk1.8.0_45.jdk/Contents/Home/jre/lib/rt.jar]
[Loaded java.lang.SystemClassLoaderAction from /Library/Java/JavaVirtualMachines/jdk1.8.0_45.jdk/Contents/Home/jre/lib/rt.jar]
<writer thread='19203'/>
<thread_logfile thread='19203' filename='/var/folders/lg/wvtqlfn13lx5kfp0p_pf_hx00000gn/T//hs_c19203_pid44988.log'/>
<writer thread='20739'/>
<thread_logfile thread='20739' filename='/var/folders/lg/wvtqlfn13lx5kfp0p_pf_hx00000gn/T//hs_c20739_pid44988.log'/>
<writer thread='20227'/>
<thread_logfile thread='20227' filename='/var/folders/lg/wvtqlfn13lx5kfp0p_pf_hx00000gn/T//hs_c20227_pid44988.log'/>
<writer thread='7171'/>
[Loaded java.lang.invoke.MethodHandleImpl from /Library/Java/JavaVirtualMachines/jdk1.8.0_45.jdk/Contents/Home/jre/lib/rt.jar]
<writer thread='19715'/>
<thread_logfile thread='19715' filename='/var/folders/lg/wvtqlfn13lx5kfp0p_pf_hx00000gn/T//hs_c19715_pid44988.log'/>
<writer thread='7171'/>
[Loaded java.lang.invoke.MethodHandleImpl$1 from /Library/Java/JavaVirtualMachines/jdk1.8.0_45.jdk/Contents/Home/jre/lib/rt.jar]
[Loaded java.util.function.Function from /Library/Java/JavaVirtualMachines/jdk1.8.0_45.jdk/Contents/Home/jre/lib/rt.jar]
[Loaded java.lang.invoke.MethodHandleImpl$2 from /Library/Java/JavaVirtualMachines/jdk1.8.0_45.jdk/Contents/Home/jre/lib/rt.jar]
[Loaded java.lang.invoke.MethodHandleImpl$3 from /Library/Java/JavaVirtualMachines/jdk1.8.0_45.jdk/Contents/Home/jre/lib/rt.jar]
[Loaded java.lang.ClassValue from /Library/Java/JavaVirtualMachines/jdk1.8.0_45.jdk/Contents/Home/jre/lib/rt.jar]
[Loaded java.lang.invoke.MethodHandleImpl$4 from /Library/Java/JavaVirtualMachines/jdk1.8.0_45.jdk/Contents/Home/jre/lib/rt.jar]
[Loaded java.lang.ClassValue$Entry from /Library/Java/JavaVirtualMachines/jdk1.8.0_45.jdk/Contents/Home/jre/lib/rt.jar]
[Loaded java.lang.ClassValue$Identity from /Library/Java/JavaVirtualMachines/jdk1.8.0_45.jdk/Contents/Home/jre/lib/rt.jar]
[Loaded java.lang.ClassValue$Version from /Library/Java/JavaVirtualMachines/jdk1.8.0_45.jdk/Contents/Home/jre/lib/rt.jar]
<make_not_compilable thread='7171' osr='0' level='-1' reason='excluded by CompilerOracle' method='java/lang/Object &lt;init&gt; ()V' bytes='1' count='2048' iicount='2048' stamp='0.105'/>
[Loaded java.lang.invoke.MemberName$Factory from /Library/Java/JavaVirtualMachines/jdk1.8.0_45.jdk/Contents/Home/jre/lib/rt.jar]
[Loaded java.lang.invoke.MethodHandleStatics from /Library/Java/JavaVirtualMachines/jdk1.8.0_45.jdk/Contents/Home/jre/lib/rt.jar]
[Loaded java.lang.invoke.MethodHandleStatics$1 from /Library/Java/JavaVirtualMachines/jdk1.8.0_45.jdk/Contents/Home/jre/lib/rt.jar]
<blob name='MethodHandlesAdapterBlob' size='32000'>
<sect index='1' size='32000' free='31628'/>
</blob>
<make_not_compilable thread='7171' osr='0' level='-1' reason='excluded by CompilerOracle' method='java/lang/String hashCode ()I' bytes='55' count='650' backedge_count='14336' iicount='650' stamp='0.106'/>
<make_not_compilable thread='7171' osr='0' level='-1' reason='excluded by CompilerOracle' method='java/lang/String equals (Ljava/lang/Object;)Z' bytes='81' count='577' backedge_count='3072' iicount='577' stamp='0.106'/>
[Loaded sun.misc.PostVMInitHook from /Library/Java/JavaVirtualMachines/jdk1.8.0_45.jdk/Contents/Home/jre/lib/rt.jar]
<make_not_compilable thread='7171' osr='0' level='-1' reason='excluded by CompilerOracle' method='java/lang/String charAt (I)C' bytes='29' count='6912' iicount='6912' stamp='0.106'/>
[Loaded sun.launcher.LauncherHelper from /Library/Java/JavaVirtualMachines/jdk1.8.0_45.jdk/Contents/Home/jre/lib/rt.jar]
[Loaded java.net.URLClassLoader$1 from /Library/Java/JavaVirtualMachines/jdk1.8.0_45.jdk/Contents/Home/jre/lib/rt.jar]
[Loaded sun.net.util.URLUtil from /Library/Java/JavaVirtualMachines/jdk1.8.0_45.jdk/Contents/Home/jre/lib/rt.jar]
[Loaded sun.misc.URLClassPath$3 from /Library/Java/JavaVirtualMachines/jdk1.8.0_45.jdk/Contents/Home/jre/lib/rt.jar]
[Loaded sun.misc.URLClassPath$Loader from /Library/Java/JavaVirtualMachines/jdk1.8.0_45.jdk/Contents/Home/jre/lib/rt.jar]
[Loaded sun.misc.URLClassPath$JarLoader from /Library/Java/JavaVirtualMachines/jdk1.8.0_45.jdk/Contents/Home/jre/lib/rt.jar]
[Loaded java.util.zip.ZipConstants from /Library/Java/JavaVirtualMachines/jdk1.8.0_45.jdk/Contents/Home/jre/lib/rt.jar]
[Loaded java.util.zip.ZipFile from /Library/Java/JavaVirtualMachines/jdk1.8.0_45.jdk/Contents/Home/jre/lib/rt.jar]
[Loaded sun.misc.JavaUtilZipFileAccess from /Library/Java/JavaVirtualMachines/jdk1.8.0_45.jdk/Contents/Home/jre/lib/rt.jar]
[Loaded java.util.zip.ZipFile$1 from /Library/Java/JavaVirtualMachines/jdk1.8.0_45.jdk/Contents/Home/jre/lib/rt.jar]
<make_not_compilable thread='7171' osr='0' level='-1' reason='excluded by CompilerOracle' method='java/lang/String indexOf (II)I' bytes='70' count='433' backedge_count='17408' iicount='433' stamp='0.109'/>
<make_not_compilable thread='7171' osr='0' level='-1' reason='excluded by CompilerOracle' method='java/lang/System arraycopy (Ljava/lang/Object;ILjava/lang/Object;II)V' bytes='0' count='1152' iicount='1152' stamp='0.109'/>
<make_not_compilable thread='7171' osr='0' level='-1' reason='excluded by CompilerOracle' method='java/lang/String length ()I' bytes='6' count='896' iicount='896' stamp='0.110'/>
<make_not_compilable thread='7171' osr='0' level='-1' reason='excluded by CompilerOracle' method='java/lang/AbstractStringBuilder append (Ljava/lang/String;)Ljava/lang/AbstractStringBuilder;' bytes='50' count='256' iicount='256' stamp='0.110'/>
<make_not_compilable thread='7171' osr='0' level='-1' reason='excluded by CompilerOracle' method='java/lang/String getChars (II[CI)V' bytes='62' count='256' iicount='256' stamp='0.110'/>
<make_not_compilable thread='7171' osr='0' level='-1' reason='excluded by CompilerOracle' method='java/lang/Math min (II)I' bytes='11' count='1280' iicount='1280' stamp='0.110'/>
<make_not_compilable thread='7171' osr='0' level='-1' reason='excluded by CompilerOracle' method='java/lang/String lastIndexOf (II)I' bytes='52' count='171' backedge_count='7168' iicount='171' stamp='0.110'/>
<make_not_compilable thread='7171' osr='0' level='-1' reason='excluded by CompilerOracle' method='sun/nio/cs/UTF_8$Encoder encode ([CII[B)I' bytes='359' count='144' backedge_count='10240' iicount='144' stamp='0.110'/>
<make_not_compilable thread='7171' osr='0' level='-1' reason='excluded by CompilerOracle' method='java/util/Arrays copyOfRange ([CII)[C' bytes='63' count='512' iicount='512' stamp='0.110'/>
<make_not_compilable thread='7171' osr='0' level='-1' reason='excluded by CompilerOracle' method='java/lang/AbstractStringBuilder ensureCapacityInternal (I)V' bytes='16' count='384' iicount='384' stamp='0.110'/>
<make_not_compilable thread='7171' osr='0' level='-1' reason='excluded by CompilerOracle' method='java/lang/StringBuilder append (Ljava/lang/String;)Ljava/lang/StringBuilder;' bytes='8' count='256' iicount='256' stamp='0.110'/>
[Loaded sun.misc.URLClassPath$JarLoader$1 from /Library/Java/JavaVirtualMachines/jdk1.8.0_45.jdk/Contents/Home/jre/lib/rt.jar]
[Loaded sun.misc.FileURLMapper from /Library/Java/JavaVirtualMachines/jdk1.8.0_45.jdk/Contents/Home/jre/lib/rt.jar]
[Loaded java.util.jar.JarFile from /Library/Java/JavaVirtualMachines/jdk1.8.0_45.jdk/Contents/Home/jre/lib/rt.jar]
[Loaded sun.misc.JavaUtilJarAccess from /Library/Java/JavaVirtualMachines/jdk1.8.0_45.jdk/Contents/Home/jre/lib/rt.jar]
[Loaded java.util.jar.JavaUtilJarAccessImpl from /Library/Java/JavaVirtualMachines/jdk1.8.0_45.jdk/Contents/Home/jre/lib/rt.jar]
[Loaded java.nio.charset.StandardCharsets from /Library/Java/JavaVirtualMachines/jdk1.8.0_45.jdk/Contents/Home/jre/lib/rt.jar]
[Loaded sun.nio.cs.US_ASCII from /Library/Java/JavaVirtualMachines/jdk1.8.0_45.jdk/Contents/Home/jre/lib/rt.jar]
[Loaded sun.nio.cs.ISO_8859_1 from /Library/Java/JavaVirtualMachines/jdk1.8.0_45.jdk/Contents/Home/jre/lib/rt.jar]
<make_not_compilable thread='7171' osr='0' level='-1' reason='excluded by CompilerOracle' method='java/lang/System getSecurityManager ()Ljava/lang/SecurityManager;' bytes='4' count='256' iicount='256' stamp='0.112'/>
<make_not_compilable thread='7171' osr='0' level='-1' reason='excluded by CompilerOracle' method='java/lang/String &lt;init&gt; ([CII)V' bytes='62' count='512' iicount='512' stamp='0.112'/>
[Loaded sun.nio.cs.UTF_16BE from /Library/Java/JavaVirtualMachines/jdk1.8.0_45.jdk/Contents/Home/jre/lib/rt.jar]
[Loaded sun.nio.cs.UTF_16LE from /Library/Java/JavaVirtualMachines/jdk1.8.0_45.jdk/Contents/Home/jre/lib/rt.jar]
[Loaded sun.nio.cs.UTF_16 from /Library/Java/JavaVirtualMachines/jdk1.8.0_45.jdk/Contents/Home/jre/lib/rt.jar]
[Loaded java.util.Queue from /Library/Java/JavaVirtualMachines/jdk1.8.0_45.jdk/Contents/Home/jre/lib/rt.jar]
[Loaded java.util.Deque from /Library/Java/JavaVirtualMachines/jdk1.8.0_45.jdk/Contents/Home/jre/lib/rt.jar]
[Loaded java.util.ArrayDeque from /Library/Java/JavaVirtualMachines/jdk1.8.0_45.jdk/Contents/Home/jre/lib/rt.jar]
[Loaded java.util.zip.ZipCoder from /Library/Java/JavaVirtualMachines/jdk1.8.0_45.jdk/Contents/Home/jre/lib/rt.jar]
[Loaded sun.misc.PerfCounter from /Library/Java/JavaVirtualMachines/jdk1.8.0_45.jdk/Contents/Home/jre/lib/rt.jar]
[Loaded sun.misc.Perf$GetPerfAction from /Library/Java/JavaVirtualMachines/jdk1.8.0_45.jdk/Contents/Home/jre/lib/rt.jar]
[Loaded sun.misc.Perf from /Library/Java/JavaVirtualMachines/jdk1.8.0_45.jdk/Contents/Home/jre/lib/rt.jar]
[Loaded sun.misc.PerfCounter$CoreCounters from /Library/Java/JavaVirtualMachines/jdk1.8.0_45.jdk/Contents/Home/jre/lib/rt.jar]
[Loaded sun.nio.ch.DirectBuffer from /Library/Java/JavaVirtualMachines/jdk1.8.0_45.jdk/Contents/Home/jre/lib/rt.jar]
[Loaded java.nio.MappedByteBuffer from /Library/Java/JavaVirtualMachines/jdk1.8.0_45.jdk/Contents/Home/jre/lib/rt.jar]
[Loaded java.nio.DirectByteBuffer from /Library/Java/JavaVirtualMachines/jdk1.8.0_45.jdk/Contents/Home/jre/lib/rt.jar]
[Loaded java.nio.LongBuffer from /Library/Java/JavaVirtualMachines/jdk1.8.0_45.jdk/Contents/Home/jre/lib/rt.jar]
[Loaded java.nio.DirectLongBufferU from /Library/Java/JavaVirtualMachines/jdk1.8.0_45.jdk/Contents/Home/jre/lib/rt.jar]
[Loaded sun.misc.JarIndex from /Library/Java/JavaVirtualMachines/jdk1.8.0_45.jdk/Contents/Home/jre/lib/rt.jar]
[Loaded java.util.zip.ZipEntry from /Library/Java/JavaVirtualMachines/jdk1.8.0_45.jdk/Contents/Home/jre/lib/rt.jar]
[Loaded java.util.zip.ZipUtils from /Library/Java/JavaVirtualMachines/jdk1.8.0_45.jdk/Contents/Home/jre/lib/rt.jar]
[Loaded java.util.Date from /Library/Java/JavaVirtualMachines/jdk1.8.0_45.jdk/Contents/Home/jre/lib/rt.jar]
[Loaded sun.util.calendar.CalendarSystem from /Library/Java/JavaVirtualMachines/jdk1.8.0_45.jdk/Contents/Home/jre/lib/rt.jar]
[Loaded sun.util.calendar.AbstractCalendar from /Library/Java/JavaVirtualMachines/jdk1.8.0_45.jdk/Contents/Home/jre/lib/rt.jar]
[Loaded sun.util.calendar.BaseCalendar from /Library/Java/JavaVirtualMachines/jdk1.8.0_45.jdk/Contents/Home/jre/lib/rt.jar]
[Loaded sun.util.calendar.Gregorian from /Library/Java/JavaVirtualMachines/jdk1.8.0_45.jdk/Contents/Home/jre/lib/rt.jar]
[Loaded java.util.TimeZone from /Library/Java/JavaVirtualMachines/jdk1.8.0_45.jdk/Contents/Home/jre/lib/rt.jar]
[Loaded sun.util.calendar.ZoneInfo from /Library/Java/JavaVirtualMachines/jdk1.8.0_45.jdk/Contents/Home/jre/lib/rt.jar]
[Loaded sun.util.calendar.ZoneInfoFile from /Library/Java/JavaVirtualMachines/jdk1.8.0_45.jdk/Contents/Home/jre/lib/rt.jar]
[Loaded sun.util.calendar.ZoneInfoFile$1 from /Library/Java/JavaVirtualMachines/jdk1.8.0_45.jdk/Contents/Home/jre/lib/rt.jar]
[Loaded java.io.DataInput from /Library/Java/JavaVirtualMachines/jdk1.8.0_45.jdk/Contents/Home/jre/lib/rt.jar]
[Loaded java.io.DataInputStream from /Library/Java/JavaVirtualMachines/jdk1.8.0_45.jdk/Contents/Home/jre/lib/rt.jar]
<make_not_compilable thread='7171' osr='0' level='-1' reason='excluded by CompilerOracle' method='java/io/BufferedInputStream getBufIfOpen ()[B' bytes='21' count='256' iicount='256' stamp='0.119'/>
<make_not_compilable thread='7171' osr='0' level='-1' reason='excluded by CompilerOracle' method='java/io/BufferedInputStream read ()I' bytes='49' count='256' iicount='256' stamp='0.120'/>
<make_not_compilable thread='7171' osr='0' level='-1' reason='excluded by CompilerOracle' method='java/io/DataInputStream readUTF (Ljava/io/DataInput;)Ljava/lang/String;' bytes='501' count='126' backedge_count='2048' iicount='126' stamp='0.120'/>
<make_not_compilable thread='7171' osr='0' level='-1' reason='excluded by CompilerOracle' method='java/io/DataInputStream readUTF ()Ljava/lang/String;' bytes='5' count='256' iicount='256' stamp='0.120'/>
<make_not_compilable thread='7171' osr='0' level='-1' reason='excluded by CompilerOracle' method='java/io/DataInputStream readUnsignedShort ()I' bytes='39' count='256' iicount='256' stamp='0.120'/>
<make_not_compilable thread='7171' osr='0' level='-1' reason='excluded by CompilerOracle' method='java/io/DataInputStream readFully ([BII)V' bytes='63' count='256' backedge_count='255' iicount='256' stamp='0.120'/>
<make_not_compilable thread='7171' osr='0' level='-1' reason='excluded by CompilerOracle' method='java/io/BufferedInputStream read ([BII)I' bytes='113' count='256' iicount='256' stamp='0.120'/>
<make_not_compilable thread='7171' osr='0' level='-1' reason='excluded by CompilerOracle' method='java/io/BufferedInputStream read1 ([BII)I' bytes='108' count='256' iicount='256' stamp='0.120'/>
<make_not_compilable thread='7171' osr='0' level='-1' reason='excluded by CompilerOracle' method='java/io/DataInputStream readShort ()S' bytes='40' count='256' iicount='256' stamp='0.121'/>
<make_not_compilable thread='7171' osr='0' level='-1' reason='excluded by CompilerOracle' method='java/io/DataInputStream readFully ([B)V' bytes='9' count='256' iicount='256' stamp='0.121'/>
<make_not_compilable thread='7171' osr='0' level='-1' reason='excluded by CompilerOracle' method='java/util/HashMap hash (Ljava/lang/Object;)I' bytes='20' count='384' iicount='384' stamp='0.124'/>
<make_not_compilable thread='7171' osr='0' level='-1' reason='excluded by CompilerOracle' method='java/util/HashMap put (Ljava/lang/Object;Ljava/lang/Object;)Ljava/lang/Object;' bytes='13' count='256' iicount='256' stamp='0.124'/>
<make_not_compilable thread='7171' osr='0' level='-1' reason='excluded by CompilerOracle' method='java/util/HashMap putVal (ILjava/lang/Object;Ljava/lang/Object;ZZ)Ljava/lang/Object;' bytes='300' count='256' backedge_count='30' iicount='256' stamp='0.124'/>
<make_not_compilable thread='7171' osr='0' level='-1' reason='excluded by CompilerOracle' method='java/util/HashMap$Node &lt;init&gt; (ILjava/lang/Object;Ljava/lang/Object;Ljava/util/HashMap$Node;)V' bytes='26' count='256' iicount='256' stamp='0.124'/>
[Loaded sun.util.calendar.ZoneInfoFile$ZoneOffsetTransitionRule from /Library/Java/JavaVirtualMachines/jdk1.8.0_45.jdk/Contents/Home/jre/lib/rt.jar]
[Loaded java.util.zip.Checksum from /Library/Java/JavaVirtualMachines/jdk1.8.0_45.jdk/Contents/Home/jre/lib/rt.jar]
[Loaded java.util.zip.CRC32 from /Library/Java/JavaVirtualMachines/jdk1.8.0_45.jdk/Contents/Home/jre/lib/rt.jar]
[Loaded sun.util.calendar.ZoneInfoFile$Checksum from /Library/Java/JavaVirtualMachines/jdk1.8.0_45.jdk/Contents/Home/jre/lib/rt.jar]
[Loaded java.util.TimeZone$1 from /Library/Java/JavaVirtualMachines/jdk1.8.0_45.jdk/Contents/Home/jre/lib/rt.jar]
[Loaded sun.util.calendar.CalendarDate from /Library/Java/JavaVirtualMachines/jdk1.8.0_45.jdk/Contents/Home/jre/lib/rt.jar]
[Loaded sun.util.calendar.BaseCalendar$Date from /Library/Java/JavaVirtualMachines/jdk1.8.0_45.jdk/Contents/Home/jre/lib/rt.jar]
[Loaded sun.util.calendar.Gregorian$Date from /Library/Java/JavaVirtualMachines/jdk1.8.0_45.jdk/Contents/Home/jre/lib/rt.jar]
[Loaded sun.util.calendar.CalendarUtils from /Library/Java/JavaVirtualMachines/jdk1.8.0_45.jdk/Contents/Home/jre/lib/rt.jar]
[Loaded java.util.jar.JarEntry from /Library/Java/JavaVirtualMachines/jdk1.8.0_45.jdk/Contents/Home/jre/lib/rt.jar]
[Loaded java.util.jar.JarFile$JarFileEntry from /Library/Java/JavaVirtualMachines/jdk1.8.0_45.jdk/Contents/Home/jre/lib/rt.jar]
<make_not_compilable thread='7171' osr='0' level='-1' reason='excluded by CompilerOracle' method='java/lang/CharacterData of (I)Ljava/lang/CharacterData;' bytes='120' count='384' iicount='384' stamp='0.126'/>
<make_not_compilable thread='7171' osr='0' level='-1' reason='excluded by CompilerOracle' method='java/lang/CharacterDataLatin1 getProperties (I)I' bytes='11' count='384' iicount='384' stamp='0.126'/>
<make_not_compilable thread='7171' osr='0' level='-1' reason='excluded by CompilerOracle' method='java/lang/String startsWith (Ljava/lang/String;I)Z' bytes='72' count='256' backedge_count='726' iicount='256' stamp='0.126'/>
[Loaded java.util.zip.ZipFile$ZipFileInputStream from /Library/Java/JavaVirtualMachines/jdk1.8.0_45.jdk/Contents/Home/jre/lib/rt.jar]
[Loaded java.util.zip.Inflater from /Library/Java/JavaVirtualMachines/jdk1.8.0_45.jdk/Contents/Home/jre/lib/rt.jar]
[Loaded java.util.zip.ZStreamRef from /Library/Java/JavaVirtualMachines/jdk1.8.0_45.jdk/Contents/Home/jre/lib/rt.jar]
[Loaded java.util.zip.InflaterInputStream from /Library/Java/JavaVirtualMachines/jdk1.8.0_45.jdk/Contents/Home/jre/lib/rt.jar]
[Loaded java.util.zip.ZipFile$ZipFileInflaterInputStream from /Library/Java/JavaVirtualMachines/jdk1.8.0_45.jdk/Contents/Home/jre/lib/rt.jar]
[Loaded java.util.AbstractSequentialList from /Library/Java/JavaVirtualMachines/jdk1.8.0_45.jdk/Contents/Home/jre/lib/rt.jar]
[Loaded java.util.LinkedList from /Library/Java/JavaVirtualMachines/jdk1.8.0_45.jdk/Contents/Home/jre/lib/rt.jar]
[Loaded java.util.LinkedList$Node from /Library/Java/JavaVirtualMachines/jdk1.8.0_45.jdk/Contents/Home/jre/lib/rt.jar]
[Loaded sun.misc.ExtensionDependency from /Library/Java/JavaVirtualMachines/jdk1.8.0_45.jdk/Contents/Home/jre/lib/rt.jar]
[Loaded sun.misc.IOUtils from /Library/Java/JavaVirtualMachines/jdk1.8.0_45.jdk/Contents/Home/jre/lib/rt.jar]
<make_not_compilable thread='7171' osr='0' level='-1' reason='excluded by CompilerOracle' method='java/io/UnixFileSystem normalize (Ljava/lang/String;)Ljava/lang/String;' bytes='75' count='116' backedge_count='6144' iicount='116' stamp='0.129'/>
<make_not_compilable thread='7171' osr='0' level='-1' reason='excluded by CompilerOracle' method='java/util/HashMap newNode (ILjava/lang/Object;Ljava/lang/Object;Ljava/util/HashMap$Node;)Ljava/util/HashMap$Node;' bytes='13' count='256' iicount='256' stamp='0.129'/>
<make_not_compilable thread='7171' osr='0' level='-1' reason='excluded by CompilerOracle' method='java/util/HashMap afterNodeInsertion (Z)V' bytes='1' count='256' iicount='256' stamp='0.129'/>
<make_not_compilable thread='7171' osr='0' level='-1' reason='excluded by CompilerOracle' method='java/util/HashMap getNode (ILjava/lang/Object;)Ljava/util/HashMap$Node;' bytes='148' count='256' iicount='256' stamp='0.129'/>
<make_not_compilable thread='7171' osr='0' level='-1' reason='excluded by CompilerOracle' method='java/lang/Character toLowerCase (C)C' bytes='6' count='384' iicount='384' stamp='0.129'/>
<make_not_compilable thread='7171' osr='0' level='-1' reason='excluded by CompilerOracle' method='java/lang/Character toLowerCase (I)I' bytes='9' count='384' iicount='384' stamp='0.129'/>
<make_not_compilable thread='7171' osr='0' level='-1' reason='excluded by CompilerOracle' method='java/lang/CharacterDataLatin1 toLowerCase (I)I' bytes='39' count='384' iicount='384' stamp='0.129'/>
<make_not_compilable thread='7171' osr='0' level='-1' reason='excluded by CompilerOracle' method='java/lang/String indexOf ([CII[CIII)I' bytes='166' count='112' backedge_count='8192' iicount='112' stamp='0.130'/>
<make_not_compilable thread='7171' osr='0' level='-1' reason='excluded by CompilerOracle' method='java/lang/Character toUpperCaseEx (I)I' bytes='30' count='256' iicount='256' stamp='0.130'/>
<make_not_compilable thread='7171' osr='0' level='-1' reason='excluded by CompilerOracle' method='java/lang/CharacterDataLatin1 toUpperCaseEx (I)I' bytes='71' count='256' iicount='256' stamp='0.130'/>
<make_not_compilable thread='7171' osr='0' level='-1' reason='excluded by CompilerOracle' method='java/io/BufferedReader readLine (Z)Ljava/lang/String;' bytes='304' count='115' backedge_count='2048' iicount='115' stamp='0.130'/>
<make_not_compilable thread='7171' osr='0' level='-1' reason='excluded by CompilerOracle' method='java/util/Arrays copyOf ([CI)[C' bytes='19' count='256' iicount='256' stamp='0.130'/>
<make_not_compilable thread='7171' osr='0' level='-1' reason='excluded by CompilerOracle' method='java/lang/AbstractStringBuilder expandCapacity (I)V' bytes='50' count='256' iicount='256' stamp='0.131'/>
<make_not_compilable thread='7171' osr='0' level='-1' reason='excluded by CompilerOracle' method='java/lang/String indexOf (I)I' bytes='7' count='512' iicount='512' stamp='0.131'/>
<make_not_compilable thread='7171' osr='0' level='-1' reason='excluded by CompilerOracle' method='java/lang/String endsWith (Ljava/lang/String;)Z' bytes='17' count='256' iicount='256' stamp='0.131'/>
<make_not_compilable thread='7171' osr='0' level='-1' reason='excluded by CompilerOracle' method='java/nio/Buffer position ()I' bytes='5' count='128' iicount='128' stamp='0.131'/>
<make_not_compilable thread='7171' osr='0' level='-1' reason='excluded by CompilerOracle' method='java/lang/Thread currentThread ()Ljava/lang/Thread;' bytes='0' count='256' iicount='256' stamp='0.132'/>
[Loaded java.io.IOException from /Library/Java/JavaVirtualMachines/jdk1.8.0_45.jdk/Contents/Home/jre/lib/rt.jar]
[Loaded java.util.zip.ZipException from /Library/Java/JavaVirtualMachines/jdk1.8.0_45.jdk/Contents/Home/jre/lib/rt.jar]
[Loaded java.security.PrivilegedActionException from /Library/Java/JavaVirtualMachines/jdk1.8.0_45.jdk/Contents/Home/jre/lib/rt.jar]
<make_not_compilable thread='7171' osr='0' level='-1' reason='excluded by CompilerOracle' method='java/lang/ref/SoftReference get ()Ljava/lang/Object;' bytes='29' count='256' iicount='256' stamp='0.132'/>
<make_not_compilable thread='7171' osr='0' level='-1' reason='excluded by CompilerOracle' method='java/lang/ref/Reference get ()Ljava/lang/Object;' bytes='5' count='512' iicount='512' stamp='0.133'/>
<make_not_compilable thread='7171' osr='0' level='-1' reason='excluded by CompilerOracle' method='java/lang/ThreadLocal getMap (Ljava/lang/Thread;)Ljava/lang/ThreadLocal$ThreadLocalMap;' bytes='5' count='256' iicount='256' stamp='0.134'/>
<make_not_compilable thread='7171' osr='0' level='-1' reason='excluded by CompilerOracle' method='java/lang/ThreadLocal access$400 (Ljava/lang/ThreadLocal;)I' bytes='5' count='256' iicount='256' stamp='0.134'/>
<make_not_compilable thread='7171' osr='0' level='-1' reason='excluded by CompilerOracle' method='java/lang/StringCoding deref (Ljava/lang/ThreadLocal;)Ljava/lang/Object;' bytes='19' count='256' iicount='256' stamp='0.134'/>
<make_not_compilable thread='7171' osr='0' level='-1' reason='excluded by CompilerOracle' method='java/lang/ThreadLocal get ()Ljava/lang/Object;' bytes='38' count='256' iicount='256' stamp='0.134'/>
<make_not_compilable thread='7171' osr='0' level='-1' reason='excluded by CompilerOracle' method='java/lang/StringCoding access$000 (IF)I' bytes='6' count='256' iicount='256' stamp='0.134'/>
<make_not_compilable thread='7171' osr='0' level='-1' reason='excluded by CompilerOracle' method='java/lang/StringCoding scale (IF)I' bytes='7' count='256' iicount='256' stamp='0.134'/>
<make_not_compilable thread='7171' osr='0' level='-1' reason='excluded by CompilerOracle' method='java/lang/ThreadLocal$ThreadLocalMap access$000 (Ljava/lang/ThreadLocal$ThreadLocalMap;Ljava/lang/ThreadLocal;)Ljava/lang/ThreadLocal$ThreadLocalMap$Entry;' bytes='6' count='256' iicount='256' stamp='0.135'/>
<make_not_compilable thread='7171' osr='0' level='-1' reason='excluded by CompilerOracle' method='java/lang/ThreadLocal$ThreadLocalMap getEntry (Ljava/lang/ThreadLocal;)Ljava/lang/ThreadLocal$ThreadLocalMap$Entry;' bytes='42' count='256' iicount='256' stamp='0.135'/>
<make_not_compilable thread='7171' osr='0' level='-1' reason='excluded by CompilerOracle' method='java/net/URL getProtocol ()Ljava/lang/String;' bytes='5' count='128' iicount='128' stamp='0.136'/>
<make_not_compilable thread='7171' osr='0' level='-1' reason='excluded by CompilerOracle' method='java/util/Arrays copyOf ([BI)[B' bytes='19' count='256' iicount='256' stamp='0.137'/>
<make_not_compilable thread='7171' osr='0' level='-1' reason='excluded by CompilerOracle' method='java/util/Vector size ()I' bytes='5' count='128' iicount='128' stamp='0.138'/>
<make_not_compilable thread='7171' osr='0' level='-1' reason='excluded by CompilerOracle' method='java/net/URL getAuthority ()Ljava/lang/String;' bytes='5' count='128' iicount='128' stamp='0.138'/>
<make_not_compilable thread='7171' osr='0' level='-1' reason='excluded by CompilerOracle' method='java/net/URL getPath ()Ljava/lang/String;' bytes='5' count='128' iicount='128' stamp='0.138'/>
<make_not_compilable thread='7171' osr='0' level='-1' reason='excluded by CompilerOracle' method='java/nio/charset/CharsetEncoder maxBytesPerChar ()F' bytes='5' count='256' iicount='256' stamp='0.138'/>
<make_not_compilable thread='7171' osr='0' level='-1' reason='excluded by CompilerOracle' method='java/net/URL getFile ()Ljava/lang/String;' bytes='5' count='128' iicount='128' stamp='0.139'/>
<make_not_compilable thread='7171' osr='0' level='-1' reason='excluded by CompilerOracle' method='java/io/UnixFileSystem prefixLength (Ljava/lang/String;)I' bytes='25' count='256' iicount='256' stamp='0.140'/>
<make_not_compilable thread='7171' osr='0' level='-1' reason='excluded by CompilerOracle' method='java/lang/AbstractStringBuilder &lt;init&gt; (I)V' bytes='12' count='256' iicount='256' stamp='0.141'/>
<make_not_compilable thread='7171' osr='0' level='-1' reason='excluded by CompilerOracle' method='java/lang/ref/Reference &lt;init&gt; (Ljava/lang/Object;Ljava/lang/ref/ReferenceQueue;)V' bytes='25' count='256' iicount='256' stamp='0.141'/>
<make_not_compilable thread='7171' osr='0' level='-1' reason='excluded by CompilerOracle' method='sun/util/calendar/CalendarDate isNormalized ()Z' bytes='5' count='128' iicount='128' stamp='0.141'/>
<make_not_compilable thread='7171' osr='0' level='-1' reason='excluded by CompilerOracle' method='java/lang/String lastIndexOf (I)I' bytes='13' count='256' iicount='256' stamp='0.141'/>
<make_not_compilable thread='7171' osr='0' level='-1' reason='excluded by CompilerOracle' method='java/util/ArrayList size ()I' bytes='5' count='128' iicount='128' stamp='0.142'/>
<make_not_compilable thread='7171' osr='0' level='-1' reason='excluded by CompilerOracle' method='java/io/File getPath ()Ljava/lang/String;' bytes='5' count='256' iicount='256' stamp='0.142'/>
<make_not_compilable thread='7171' osr='0' level='-1' reason='excluded by CompilerOracle' method='java/util/HashMap get (Ljava/lang/Object;)Ljava/lang/Object;' bytes='23' count='256' iicount='256' stamp='0.142'/>
<make_not_compilable thread='7171' osr='0' level='-1' reason='excluded by CompilerOracle' method='java/lang/String getBytes (Ljava/lang/String;)[B' bytes='27' count='256' iicount='256' stamp='0.143'/>
<make_not_compilable thread='7171' osr='0' level='-1' reason='excluded by CompilerOracle' method='java/lang/StringCoding encode (Ljava/lang/String;[CII)[B' bytes='120' count='256' iicount='256' stamp='0.143'/>
<make_not_compilable thread='7171' osr='0' level='-1' reason='excluded by CompilerOracle' method='java/lang/StringCoding$StringEncoder encode ([CII)[B' bytes='179' count='256' iicount='256' stamp='0.143'/>
<make_not_compilable thread='7171' osr='0' level='-1' reason='excluded by CompilerOracle' method='java/lang/StringCoding access$300 ([BILjava/nio/charset/Charset;Z)[B' bytes='8' count='256' iicount='256' stamp='0.143'/>
<make_not_compilable thread='7171' osr='0' level='-1' reason='excluded by CompilerOracle' method='java/lang/StringCoding safeTrim ([BILjava/nio/charset/Charset;Z)[B' bytes='24' count='256' iicount='256' stamp='0.143'/>
<make_not_compilable thread='7171' osr='0' level='-1' reason='excluded by CompilerOracle' method='java/lang/StringCoding$StringEncoder requestedCharsetName ()Ljava/lang/String;' bytes='5' count='256' iicount='256' stamp='0.143'/>
[Loaded sun.misc.URLClassPath$FileLoader from /Library/Java/JavaVirtualMachines/jdk1.8.0_45.jdk/Contents/Home/jre/lib/rt.jar]
<make_not_compilable thread='7171' osr='0' level='-1' reason='excluded by CompilerOracle' method='java/lang/StringBuilder &lt;init&gt; ()V' bytes='7' count='256' iicount='256' stamp='0.143'/>
<make_not_compilable thread='7171' osr='0' level='-1' reason='excluded by CompilerOracle' method='java/lang/Math max (II)I' bytes='11' count='256' iicount='256' stamp='0.143'/>
<make_not_compilable thread='7171' osr='0' level='-1' reason='excluded by CompilerOracle' method='java/lang/StringBuilder toString ()Ljava/lang/String;' bytes='17' count='256' iicount='256' stamp='0.144'/>
<make_not_compilable thread='7171' osr='0' level='-1' reason='excluded by CompilerOracle' method='java/io/File isInvalid ()Z' bytes='47' count='256' iicount='256' stamp='0.144'/>
<make_not_compilable thread='7171' osr='0' level='-1' reason='excluded by CompilerOracle' method='java/lang/String toLowerCase (Ljava/util/Locale;)Ljava/lang/String;' bytes='439' count='256' backedge_count='711' iicount='256' stamp='0.144'/>
<make_not_compilable thread='7171' osr='0' level='-1' reason='excluded by CompilerOracle' method='java/lang/String toLowerCase ()Ljava/lang/String;' bytes='8' count='256' iicount='256' stamp='0.144'/>
<make_not_compilable thread='7171' osr='0' level='-1' reason='excluded by CompilerOracle' method='java/util/Locale getDefault ()Ljava/util/Locale;' bytes='4' count='256' iicount='256' stamp='0.144'/>
<make_not_compilable thread='7171' osr='0' level='-1' reason='excluded by CompilerOracle' method='java/lang/String startsWith (Ljava/lang/String;)Z' bytes='7' count='256' iicount='256' stamp='0.144'/>
<make_not_compilable thread='7171' osr='0' level='-1' reason='excluded by CompilerOracle' method='java/net/Parts getPath ()Ljava/lang/String;' bytes='5' count='128' iicount='128' stamp='0.144'/>
<make_not_compilable thread='7171' osr='0' level='-1' reason='excluded by CompilerOracle' method='java/net/Parts getQuery ()Ljava/lang/String;' bytes='5' count='128' iicount='128' stamp='0.144'/>
<make_not_compilable thread='7171' osr='0' level='-1' reason='excluded by CompilerOracle' method='java/net/Parts getRef ()Ljava/lang/String;' bytes='5' count='128' iicount='128' stamp='0.144'/>
<make_not_compilable thread='7171' osr='0' level='-1' reason='excluded by CompilerOracle' method='java/net/URL getQuery ()Ljava/lang/String;' bytes='5' count='128' iicount='128' stamp='0.145'/>
<make_not_compilable thread='7171' osr='0' level='-1' reason='excluded by CompilerOracle' method='java/net/URL getRef ()Ljava/lang/String;' bytes='5' count='128' iicount='128' stamp='0.145'/>
<make_not_compilable thread='7171' osr='0' level='-1' reason='excluded by CompilerOracle' method='sun/util/calendar/CalendarDate getYear ()I' bytes='5' count='128' iicount='128' stamp='0.146'/>
<make_not_compilable thread='7171' osr='0' level='-1' reason='excluded by CompilerOracle' method='sun/util/calendar/CalendarDate getZone ()Ljava/util/TimeZone;' bytes='5' count='128' iicount='128' stamp='0.146'/>
<make_not_compilable thread='7171' osr='0' level='-1' reason='excluded by CompilerOracle' method='java/net/URL getHost ()Ljava/lang/String;' bytes='5' count='128' iicount='128' stamp='0.147'/>
<make_not_compilable thread='7171' osr='0' level='-1' reason='excluded by CompilerOracle' method='java/util/zip/ZStreamRef address ()J' bytes='5' count='256' iicount='256' stamp='0.148'/>
<make_not_compilable thread='7171' osr='0' level='-1' reason='excluded by CompilerOracle' method='java/util/zip/ZipFile access$000 (Ljava/util/zip/ZipFile;)Ljava/util/Map;' bytes='5' count='128' iicount='128' stamp='0.148'/>
[Loaded sun.nio.cs.ThreadLocalCoders from /Library/Java/JavaVirtualMachines/jdk1.8.0_45.jdk/Contents/Home/jre/lib/rt.jar]
[Loaded sun.nio.cs.ThreadLocalCoders$Cache from /Library/Java/JavaVirtualMachines/jdk1.8.0_45.jdk/Contents/Home/jre/lib/rt.jar]
[Loaded sun.nio.cs.ThreadLocalCoders$1 from /Library/Java/JavaVirtualMachines/jdk1.8.0_45.jdk/Contents/Home/jre/lib/rt.jar]
[Loaded sun.nio.cs.ThreadLocalCoders$2 from /Library/Java/JavaVirtualMachines/jdk1.8.0_45.jdk/Contents/Home/jre/lib/rt.jar]
<make_not_compilable thread='7171' osr='0' level='-1' reason='excluded by CompilerOracle' method='sun/util/calendar/CalendarDate getMonth ()I' bytes='5' count='128' iicount='128' stamp='0.150'/>
[Loaded sun.misc.Resource from /Library/Java/JavaVirtualMachines/jdk1.8.0_45.jdk/Contents/Home/jre/lib/rt.jar]
[Loaded sun.misc.URLClassPath$JarLoader$2 from /Library/Java/JavaVirtualMachines/jdk1.8.0_45.jdk/Contents/Home/jre/lib/rt.jar]
[Loaded java.util.jar.Attributes from /Library/Java/JavaVirtualMachines/jdk1.8.0_45.jdk/Contents/Home/jre/lib/rt.jar]
[Loaded java.util.jar.Manifest$FastInputStream from /Library/Java/JavaVirtualMachines/jdk1.8.0_45.jdk/Contents/Home/jre/lib/rt.jar]
[Loaded java.util.jar.Attributes$Name from /Library/Java/JavaVirtualMachines/jdk1.8.0_45.jdk/Contents/Home/jre/lib/rt.jar]
<make_not_compilable thread='7171' osr='0' level='-1' reason='excluded by CompilerOracle' method='java/util/jar/Attributes$Name isValid (C)Z' bytes='32' count='256' iicount='256' stamp='0.151'/>
<make_not_compilable thread='7171' osr='0' level='-1' reason='excluded by CompilerOracle' method='java/util/jar/Attributes$Name isAlpha (C)Z' bytes='30' count='256' iicount='256' stamp='0.151'/>
[Loaded sun.misc.ASCIICaseInsensitiveComparator from /Library/Java/JavaVirtualMachines/jdk1.8.0_45.jdk/Contents/Home/jre/lib/rt.jar]
[Loaded java.util.jar.JarVerifier from /Library/Java/JavaVirtualMachines/jdk1.8.0_45.jdk/Contents/Home/jre/lib/rt.jar]
[Loaded java.security.CodeSigner from /Library/Java/JavaVirtualMachines/jdk1.8.0_45.jdk/Contents/Home/jre/lib/rt.jar]
[Loaded java.util.jar.JarVerifier$3 from /Library/Java/JavaVirtualMachines/jdk1.8.0_45.jdk/Contents/Home/jre/lib/rt.jar]
[Loaded java.io.ByteArrayOutputStream from /Library/Java/JavaVirtualMachines/jdk1.8.0_45.jdk/Contents/Home/jre/lib/rt.jar]
[Loaded java.lang.Package from /Library/Java/JavaVirtualMachines/jdk1.8.0_45.jdk/Contents/Home/jre/lib/rt.jar]
[Loaded sun.security.util.SignatureFileVerifier from /Library/Java/JavaVirtualMachines/jdk1.8.0_45.jdk/Contents/Home/jre/lib/rt.jar]
[Loaded sun.security.util.ManifestEntryVerifier from /Library/Java/JavaVirtualMachines/jdk1.8.0_45.jdk/Contents/Home/jre/lib/rt.jar]
<make_not_compilable thread='7171' osr='0' level='-1' reason='excluded by CompilerOracle' method='java/lang/String toCharArray ()[C' bytes='25' count='256' iicount='256' stamp='0.152'/>
[Loaded sun.nio.ByteBuffered from /Library/Java/JavaVirtualMachines/jdk1.8.0_45.jdk/Contents/Home/jre/lib/rt.jar]
[Loaded java.security.PermissionCollection from /Library/Java/JavaVirtualMachines/jdk1.8.0_45.jdk/Contents/Home/jre/lib/rt.jar]
[Loaded java.security.Permissions from /Library/Java/JavaVirtualMachines/jdk1.8.0_45.jdk/Contents/Home/jre/lib/rt.jar]
<make_not_compilable thread='7171' osr='0' level='-1' reason='excluded by CompilerOracle' method='java/lang/StringBuilder append (C)Ljava/lang/StringBuilder;' bytes='8' count='256' iicount='256' stamp='0.153'/>
<make_not_compilable thread='7171' osr='0' level='-1' reason='excluded by CompilerOracle' method='java/lang/AbstractStringBuilder append (C)Ljava/lang/AbstractStringBuilder;' bytes='29' count='256' iicount='256' stamp='0.153'/>
[Loaded java.net.URLConnection from /Library/Java/JavaVirtualMachines/jdk1.8.0_45.jdk/Contents/Home/jre/lib/rt.jar]
[Loaded sun.net.www.URLConnection from /Library/Java/JavaVirtualMachines/jdk1.8.0_45.jdk/Contents/Home/jre/lib/rt.jar]
[Loaded sun.net.www.protocol.file.FileURLConnection from /Library/Java/JavaVirtualMachines/jdk1.8.0_45.jdk/Contents/Home/jre/lib/rt.jar]
[Loaded sun.net.www.MessageHeader from /Library/Java/JavaVirtualMachines/jdk1.8.0_45.jdk/Contents/Home/jre/lib/rt.jar]
[Loaded java.io.FilePermission from /Library/Java/JavaVirtualMachines/jdk1.8.0_45.jdk/Contents/Home/jre/lib/rt.jar]
[Loaded java.io.FilePermission$1 from /Library/Java/JavaVirtualMachines/jdk1.8.0_45.jdk/Contents/Home/jre/lib/rt.jar]
[Loaded java.io.FilePermissionCollection from /Library/Java/JavaVirtualMachines/jdk1.8.0_45.jdk/Contents/Home/jre/lib/rt.jar]
[Loaded java.security.AllPermission from /Library/Java/JavaVirtualMachines/jdk1.8.0_45.jdk/Contents/Home/jre/lib/rt.jar]
[Loaded java.security.UnresolvedPermission from /Library/Java/JavaVirtualMachines/jdk1.8.0_45.jdk/Contents/Home/jre/lib/rt.jar]
[Loaded java.security.BasicPermissionCollection from /Library/Java/JavaVirtualMachines/jdk1.8.0_45.jdk/Contents/Home/jre/lib/rt.jar]
[Loaded com.intellij.rt.execution.application.AppMain from file:/Applications/IntelliJ%20IDEA.app/Contents/lib/idea_rt.jar]
[Loaded sun.launcher.LauncherHelper$FXHelper from /Library/Java/JavaVirtualMachines/jdk1.8.0_45.jdk/Contents/Home/jre/lib/rt.jar]
[Loaded java.lang.Class$MethodArray from /Library/Java/JavaVirtualMachines/jdk1.8.0_45.jdk/Contents/Home/jre/lib/rt.jar]
[Loaded java.lang.reflect.InvocationTargetException from /Library/Java/JavaVirtualMachines/jdk1.8.0_45.jdk/Contents/Home/jre/lib/rt.jar]
[Loaded java.lang.NoSuchMethodException from /Library/Java/JavaVirtualMachines/jdk1.8.0_45.jdk/Contents/Home/jre/lib/rt.jar]
[Loaded java.lang.SecurityException from /Library/Java/JavaVirtualMachines/jdk1.8.0_45.jdk/Contents/Home/jre/lib/rt.jar]
[Loaded java.lang.UnsatisfiedLinkError from /Library/Java/JavaVirtualMachines/jdk1.8.0_45.jdk/Contents/Home/jre/lib/rt.jar]
[Loaded java.util.concurrent.ConcurrentHashMap$ForwardingNode from /Library/Java/JavaVirtualMachines/jdk1.8.0_45.jdk/Contents/Home/jre/lib/rt.jar]
[Loaded java.lang.Void from /Library/Java/JavaVirtualMachines/jdk1.8.0_45.jdk/Contents/Home/jre/lib/rt.jar]
[Loaded com.intellij.rt.execution.application.AppMain$1 from file:/Applications/IntelliJ%20IDEA.app/Contents/lib/idea_rt.jar]
<writer thread='22275'/>
<make_not_compilable thread='22275' osr='0' level='-1' reason='excluded by CompilerOracle' method='java/util/concurrent/ConcurrentHashMap tabAt ([Ljava/util/concurrent/ConcurrentHashMap$Node;I)Ljava/util/concurrent/ConcurrentHashMap$Node;' bytes='21' count='257' iicount='257' stamp='0.158'/>
<writer thread='7171'/>
<make_not_compilable thread='7171' osr='0' level='-1' reason='excluded by CompilerOracle' method='sun/misc/Unsafe getObjectVolatile (Ljava/lang/Object;J)Ljava/lang/Object;' bytes='0' count='342' iicount='342' stamp='0.158'/>
<writer thread='22275'/>
[Loaded java.net.ServerSocket from /Library/Java/JavaVirtualMachines/jdk1.8.0_45.jdk/Contents/Home/jre/lib/rt.jar]
[Loaded java.net.SocksConsts from /Library/Java/JavaVirtualMachines/jdk1.8.0_45.jdk/Contents/Home/jre/lib/rt.jar]
[Loaded java.net.SocketOptions from /Library/Java/JavaVirtualMachines/jdk1.8.0_45.jdk/Contents/Home/jre/lib/rt.jar]
[Loaded java.net.SocketImpl from /Library/Java/JavaVirtualMachines/jdk1.8.0_45.jdk/Contents/Home/jre/lib/rt.jar]
[Loaded java.net.AbstractPlainSocketImpl from /Library/Java/JavaVirtualMachines/jdk1.8.0_45.jdk/Contents/Home/jre/lib/rt.jar]
[Loaded java.net.PlainSocketImpl from /Library/Java/JavaVirtualMachines/jdk1.8.0_45.jdk/Contents/Home/jre/lib/rt.jar]
[Loaded java.net.SocksSocketImpl from /Library/Java/JavaVirtualMachines/jdk1.8.0_45.jdk/Contents/Home/jre/lib/rt.jar]
<writer thread='7171'/>
[Loaded sun.misc.URLClassPath$FileLoader$1 from /Library/Java/JavaVirtualMachines/jdk1.8.0_45.jdk/Contents/Home/jre/lib/rt.jar]
<writer thread='22275'/>
[Loaded java.net.AbstractPlainSocketImpl$1 from /Library/Java/JavaVirtualMachines/jdk1.8.0_45.jdk/Contents/Home/jre/lib/rt.jar]
<writer thread='7171'/>
[Loaded com.concurrent.volatiles.TestVolatile from file:/Users/liuzhengyang/Code/opensource/github/lzy/jvm/target/classes/]
[Loaded sun.reflect.NativeMethodAccessorImpl from /Library/Java/JavaVirtualMachines/jdk1.8.0_45.jdk/Contents/Home/jre/lib/rt.jar]
[Loaded sun.reflect.DelegatingMethodAccessorImpl from /Library/Java/JavaVirtualMachines/jdk1.8.0_45.jdk/Contents/Home/jre/lib/rt.jar]
[Loaded java.lang.Shutdown from /Library/Java/JavaVirtualMachines/jdk1.8.0_45.jdk/Contents/Home/jre/lib/rt.jar]
[Loaded java.lang.Shutdown$Lock from /Library/Java/JavaVirtualMachines/jdk1.8.0_45.jdk/Contents/Home/jre/lib/rt.jar]
<writer thread='13571'/>
<destroy_vm stamp='0.161'/>
<tty_done stamp='0.161'/>
</tty>
<compilation_log thread='19715'>
<fragment>
<![CDATA[
<start_compile_thread name='C2 CompilerThread1' thread='19715' process='44988' stamp='0.104'/>
]]>
</fragment>
</compilation_log>
<compilation_log thread='20227'>
<fragment>
<![CDATA[
<start_compile_thread name='C2 CompilerThread2' thread='20227' process='44988' stamp='0.104'/>
]]>
</fragment>
</compilation_log>
<compilation_log thread='20739'>
<fragment>
<![CDATA[
<start_compile_thread name='C1 CompilerThread3' thread='20739' process='44988' stamp='0.104'/>
]]>
</fragment>
</compilation_log>
<compilation_log thread='19203'>
<fragment>
<![CDATA[
<start_compile_thread name='C2 CompilerThread0' thread='19203' process='44988' stamp='0.104'/>
]]>
</fragment>
</compilation_log>
<hotspot_log_done stamp='0.162'/>
</hotspot_log>
